#
# A fatal error has been detected by the Java Runtime Environment:
#
#  SIGSEGV (0xb) at pc=0x00007f6d937c988d, pid=9875, tid=9890
#
# JRE version: OpenJDK Runtime Environment (11.0.11+9) (build 11.0.11+9-Ubuntu-0ubuntu2.20.04)
# Java VM: OpenJDK 64-Bit Server VM (11.0.11+9-Ubuntu-0ubuntu2.20.04, mixed mode, sharing, tiered, compressed oops, g1 gc, linux-amd64)
# Problematic frame:
# V  [libjvm.so+0xd6888d]
#
# Core dump will be written. Default location: Core dumps may be processed with "/lib/systemd/systemd-coredump %P %u %g %s %t 9223372036854775808 %h" (or dumping to /home/sofia/git/unqui-po2-tpfinal/core.9875)
#
# If you would like to submit a bug report, please visit:
#   https://bugs.launchpad.net/ubuntu/+source/openjdk-lts
#

---------------  S U M M A R Y ------------

Command Line: -agentlib:jdwp=transport=dt_socket,suspend=y,address=localhost:42853 -ea -javaagent:/home/sofia/eclipse/java-2021-03/eclipse/configuration/org.eclipse.osgi/216/0/.cp/lib/javaagent-shaded.jar -Dfile.encoding=UTF-8 org.eclipse.jdt.internal.junit.runner.RemoteTestRunner -version 3 -port 41539 -testLoaderClass org.eclipse.jdt.internal.junit5.runner.JUnit5TestLoader -loaderpluginname org.eclipse.jdt.junit5.runtime -test entidades.UsuarioTestCase:testUsuarioRealizaCancelacionGratuitaDeReservaYElSitioLeCobraMontoDeDinero

Host: Intel(R) Core(TM) i7-2620M CPU @ 2.70GHz, 4 cores, 7G, Linux Mint 20.1 Ulyssa
Time: Thu Jun 24 16:23:13 2021 -03 elapsed time: 391.421117 seconds (0d 0h 6m 31s)

---------------  T H R E A D  ---------------

Current thread (0x00007f6d8c175000):  VMThread "VM Thread" [stack: 0x00007f6d900c2000,0x00007f6d901c2000] [id=9890]

Stack: [0x00007f6d900c2000,0x00007f6d901c2000],  sp=0x00007f6d901c0000,  free space=1016k
Native frames: (J=compiled Java code, A=aot compiled Java code, j=interpreted, Vv=VM code, C=native code)
V  [libjvm.so+0xd6888d]
V  [libjvm.so+0x7ca01d]
V  [libjvm.so+0x7cda43]
V  [libjvm.so+0x7cf4d4]
V  [libjvm.so+0x7cf7a3]
V  [libjvm.so+0xbc2d64]
V  [libjvm.so+0xbc3a5b]
V  [libjvm.so+0xbc3f6b]
V  [libjvm.so+0xb64ade]
V  [libjvm.so+0x9f1f0e]
V  [libjvm.so+0xe8d560]
V  [libjvm.so+0xe93507]
V  [libjvm.so+0xe93b40]
V  [libjvm.so+0xe93ea6]
V  [libjvm.so+0xe1d690]
V  [libjvm.so+0xbdac76]


siginfo: si_signo: 11 (SIGSEGV), si_code: 128 (SI_KERNEL), si_addr: 0x0000000000000000

Register to memory mapping:

RAX=0x00007f6d901c0040 points into unknown readable memory: 0x00000000460000c0 | c0 00 00 46 00 00 00 00
RBX=0x00007f6d901c0050 points into unknown readable memory: 0x00007f6d93bc42d0 | d0 42 bc 93 6d 7f 00 00
RCX=0x00000000000000ca is an unknown value
RDX=0x0 is NULL
RSP=0x00007f6d901c0000 points into unknown readable memory: 0x00007f6d901c0730 | 30 07 1c 90 6d 7f 00 00
RBP=0x00007f6d901c0020 points into unknown readable memory: 0x00007f6d901c04c0 | c0 04 1c 90 6d 7f 00 00
RSI=0x0f00c02c0f00c02b is an unknown value
RDI=0x00007f6d901c0050 points into unknown readable memory: 0x00007f6d93bc42d0 | d0 42 bc 93 6d 7f 00 00
R8 =0x00000000000000c3 is an unknown value
R9 =0x0 is NULL
R10=0x0 is NULL
R11=0x000000002fffffff is an unknown value
R12=0x0f00c02c0f00c02b is an unknown value
R13=0x00000000000000c3 is an unknown value
R14=0x00007f6d901c0050 points into unknown readable memory: 0x00007f6d93bc42d0 | d0 42 bc 93 6d 7f 00 00
R15=0x0 is NULL


Registers:
RAX=0x00007f6d901c0040, RBX=0x00007f6d901c0050, RCX=0x00000000000000ca, RDX=0x0000000000000000
RSP=0x00007f6d901c0000, RBP=0x00007f6d901c0020, RSI=0x0f00c02c0f00c02b, RDI=0x00007f6d901c0050
R8 =0x00000000000000c3, R9 =0x0000000000000000, R10=0x0000000000000000, R11=0x000000002fffffff
R12=0x0f00c02c0f00c02b, R13=0x00000000000000c3, R14=0x00007f6d901c0050, R15=0x0000000000000000
RIP=0x00007f6d937c988d, EFLAGS=0x0000000000010202, CSGSFS=0x002b000000000033, ERR=0x0000000000000000
  TRAPNO=0x000000000000000d

Top of Stack: (sp=0x00007f6d901c0000)
0x00007f6d901c0000:   00007f6d901c0730 00000000000000b6
0x00007f6d901c0010:   00000000000000c3 00007f6d901c0050
0x00007f6d901c0020:   00007f6d901c04c0 00007f6d9322b01d
0x00007f6d901c0030:   00007f6d93f3d8a0 00007f6d901c0040 

Instructions: (pc=0x00007f6d937c988d)
0x00007f6d937c978d:   89 e7 ff 50 30 41 83 44 24 14 01 eb 9e 66 0f 1f
0x00007f6d937c979d:   44 00 00 49 8b 04 24 4c 89 e7 ff 50 28 41 83 44
0x00007f6d937c97ad:   24 14 01 eb 86 66 0f 1f 44 00 00 49 8b 04 24 4c
0x00007f6d937c97bd:   89 e7 ff 50 08 41 83 44 24 14 01 e9 6b ff ff ff
0x00007f6d937c97cd:   0f 1f 00 49 8b 04 24 4c 89 e7 ff 50 20 41 83 44
0x00007f6d937c97dd:   24 14 01 e9 53 ff ff ff 0f 1f 00 49 8b 04 24 4c
0x00007f6d937c97ed:   89 e7 ff 10 41 83 44 24 14 01 e9 3c ff ff ff 48
0x00007f6d937c97fd:   8d 05 1d 67 51 00 4c 89 ee 48 8b 38 31 c0 e8 d0
0x00007f6d937c980d:   e3 e7 ff 48 8d 05 09 67 51 00 48 89 da 48 8d 35
0x00007f6d937c981d:   02 4b 22 00 48 8b 38 31 c0 e8 b5 e3 e7 ff 48 8d
0x00007f6d937c982d:   05 76 32 4b 00 be cb 00 00 00 48 8d 3d 02 4b 22
0x00007f6d937c983d:   00 48 8b 00 c6 00 58 e8 17 38 90 ff e8 b2 a2 e6
0x00007f6d937c984d:   ff e9 e5 fe ff ff 0f 1f 44 00 00 48 83 c4 08 5b
0x00007f6d937c985d:   41 5c 41 5d 41 5e 41 5f 5d e9 65 fa ff ff 90 0f
0x00007f6d937c986d:   1f 40 00 f3 0f 1e fa 55 48 89 e5 41 56 41 55 41
0x00007f6d937c987d:   54 53 4c 8b 67 08 48 89 fb c7 47 10 00 00 00 00
0x00007f6d937c988d:   41 80 7c 24 06 28 0f 85 8f 01 00 00 b8 01 00 00
0x00007f6d937c989d:   00 ba 01 00 00 00 89 53 10 41 0f b6 44 04 06 4d
0x00007f6d937c98ad:   8d 74 24 06 4c 8d 2d 14 4c 22 00 3c 29 74 77 0f
0x00007f6d937c98bd:   1f 40 00 83 e8 42 3c 19 0f 87 a5 00 00 00 0f b6
0x00007f6d937c98cd:   c0 49 63 44 85 00 4c 01 e8 3e ff e0 0f 1f 80 00
0x00007f6d937c98dd:   00 00 00 83 c2 01 89 53 10 48 63 ca 49 8d 04 0e
0x00007f6d937c98ed:   0f b6 00 3c 29 75 cc 48 8b 43 08 80 7c 08 06 29
0x00007f6d937c98fd:   74 34 48 8d 05 a2 31 4b 00 b9 29 00 00 00 48 8d
0x00007f6d937c990d:   15 d3 49 22 00 be 35 00 00 00 48 8d 3d 22 4a 22
0x00007f6d937c991d:   00 48 8b 00 c6 00 58 31 c0 e8 e5 34 90 ff e8 d0
0x00007f6d937c992d:   a1 e6 ff 8b 53 10 8d 42 01 c7 43 14 ff ff ff ff
0x00007f6d937c993d:   48 89 df 89 43 10 e8 88 f3 ff ff 48 8b 43 08 0f
0x00007f6d937c994d:   b7 00 39 43 10 0f 8c 18 01 00 00 c7 43 14 00 00
0x00007f6d937c995d:   00 00 5b 41 5c 41 5d 41 5e 5d c3 0f 1f 84 00 00
0x00007f6d937c996d:   00 00 00 48 8d 05 31 31 4b 00 be fe 00 00 00 48
0x00007f6d937c997d:   8d 3d bd 49 22 00 48 8b 00 c6 00 58 e8 d2 36 90 


Stack slot to memory mapping:
stack at sp + 0 slots: 0x00007f6d901c0730 points into unknown readable memory: 0x00007f6d93bc7ca0 | a0 7c bc 93 6d 7f 00 00
stack at sp + 1 slots: 0x00000000000000b6 is an unknown value
stack at sp + 2 slots: 0x00000000000000c3 is an unknown value
stack at sp + 3 slots: 0x00007f6d901c0050 points into unknown readable memory: 0x00007f6d93bc42d0 | d0 42 bc 93 6d 7f 00 00
stack at sp + 4 slots: 0x00007f6d901c04c0 points into unknown readable memory: 0x00007f6d901c0570 | 70 05 1c 90 6d 7f 00 00
stack at sp + 5 slots: 0x00007f6d9322b01d: <offset 0x00000000007ca01d> in /usr/lib/jvm/java-11-openjdk-amd64/lib/server/libjvm.so at 0x00007f6d92a61000
stack at sp + 6 slots: 0x00007f6d93f3d8a0: <offset 0x00000000001ec8a0> in /lib/x86_64-linux-gnu/libc.so.6 at 0x00007f6d93d51000
stack at sp + 7 slots: 0x00007f6d901c0040 points into unknown readable memory: 0x00000000460000c0 | c0 00 00 46 00 00 00 00

VM_Operation (0x00007f6d6c16d950): GetOrSetLocal, mode: safepoint, requested by thread 0x00007f6d8c1e7800


---------------  P R O C E S S  ---------------

Threads class SMR info:
_java_thread_list=0x00007f6d0c1cafc0, length=14, elements={
0x00007f6d8c018800, 0x00007f6d8c178000, 0x00007f6d8c17a000, 0x00007f6d8c17f800,
0x00007f6d8c181800, 0x00007f6d8c183800, 0x00007f6d8c186000, 0x00007f6d8c188000,
0x00007f6d8c19d800, 0x00007f6d8c1e7800, 0x00007f6d8c1ec000, 0x00007f6d30001800,
0x00007f6d8c3c2800, 0x00007f6d44001000
}

Java Threads: ( => current thread )
  0x00007f6d8c018800 JavaThread "main" [_thread_blocked, id=9882, stack(0x00007f6d92614000,0x00007f6d92715000)]
  0x00007f6d8c178000 JavaThread "Reference Handler" daemon [_thread_blocked, id=9892, stack(0x00007f6d74777000,0x00007f6d74878000)]
  0x00007f6d8c17a000 JavaThread "Finalizer" daemon [_thread_blocked, id=9893, stack(0x00007f6d74676000,0x00007f6d74777000)]
  0x00007f6d8c17f800 JavaThread "Signal Dispatcher" daemon [_thread_blocked, id=9894, stack(0x00007f6d74575000,0x00007f6d74676000)]
  0x00007f6d8c181800 JavaThread "Service Thread" daemon [_thread_blocked, id=9895, stack(0x00007f6d74474000,0x00007f6d74575000)]
  0x00007f6d8c183800 JavaThread "C2 CompilerThread0" daemon [_thread_blocked, id=9896, stack(0x00007f6d74373000,0x00007f6d74474000)]
  0x00007f6d8c186000 JavaThread "C1 CompilerThread0" daemon [_thread_blocked, id=9897, stack(0x00007f6d74272000,0x00007f6d74373000)]
  0x00007f6d8c188000 JavaThread "Sweeper thread" daemon [_thread_blocked, id=9898, stack(0x00007f6d74171000,0x00007f6d74272000)]
  0x00007f6d8c19d800 JavaThread "Common-Cleaner" daemon [_thread_blocked, id=9899, stack(0x00007f6d74070000,0x00007f6d74171000)]
  0x00007f6d8c1e7800 JavaThread "JDWP Transport Listener: dt_socket" daemon [_thread_blocked, id=9902, stack(0x00007f6d6c06e000,0x00007f6d6c16f000)] _threads_hazard_ptr=0x00007f6d0c1cafc0
  0x00007f6d8c1ec000 JavaThread "JDWP Event Helper Thread" daemon [_thread_blocked, id=9905, stack(0x00007f6d65701000,0x00007f6d65802000)]
  0x00007f6d30001800 JavaThread "JDWP Command Reader" daemon [_thread_in_native, id=9906, stack(0x00007f6d65600000,0x00007f6d65701000)]
  0x00007f6d8c3c2800 JavaThread "ReaderThread" [_thread_in_native, id=9913, stack(0x00007f6d651f9000,0x00007f6d652fa000)]
  0x00007f6d44001000 JavaThread "Attach Listener" daemon [_thread_blocked, id=9952, stack(0x00007f6d650f8000,0x00007f6d651f9000)]

Other Threads:
=>0x00007f6d8c175000 VMThread "VM Thread" [stack: 0x00007f6d900c2000,0x00007f6d901c2000] [id=9890]
  0x00007f6d8c348000 WatcherThread [stack: 0x00007f6d65500000,0x00007f6d65600000] [id=9910]
  0x00007f6d8c02f800 GCTaskThread "GC Thread#0" [stack: 0x00007f6d9227d000,0x00007f6d9237d000] [id=9884]
  0x00007f6d58001000 GCTaskThread "GC Thread#1" [stack: 0x00007f6d653fe000,0x00007f6d654fe000] [id=9911]
  0x00007f6d58002800 GCTaskThread "GC Thread#2" [stack: 0x00007f6d652fc000,0x00007f6d653fc000] [id=9912]
  0x00007f6d58005000 GCTaskThread "GC Thread#3" [stack: 0x00007f6d64a5c000,0x00007f6d64b5c000] [id=9955]
  0x00007f6d8c061000 ConcurrentGCThread "G1 Main Marker" [stack: 0x00007f6d911aa000,0x00007f6d912aa000] [id=9885]
  0x00007f6d8c062800 ConcurrentGCThread "G1 Conc#0" [stack: 0x00007f6d910a8000,0x00007f6d911a8000] [id=9886]
  0x00007f6d8c0db000 ConcurrentGCThread "G1 Refine#0" [stack: 0x00007f6d90ba2000,0x00007f6d90ca2000] [id=9887]
  0x00007f6d8c0dc800 ConcurrentGCThread "G1 Young RemSet Sampling" [stack: 0x00007f6d90aa0000,0x00007f6d90ba0000] [id=9888]

Threads with active compile tasks:

VM state:at safepoint (normal execution)

VM Mutex/Monitor currently owned by a thread:  ([mutex/lock_event])
[0x00007f6d8c014f90] Threads_lock - owner thread: 0x00007f6d8c175000

Heap address: 0x0000000084e00000, size: 1970 MB, Compressed Oops mode: 32-bit
Narrow klass base: 0x0000000800000000, Narrow klass shift: 3
Compressed class space size: 1073741824 Address: 0x0000000840000000

Heap:
 garbage-first heap   total 129024K, used 42617K [0x0000000084e00000, 0x0000000100000000)
  region size 1024K, 42 young (43008K), 5 survivors (5120K)
 Metaspace       used 14336K, capacity 15025K, committed 15488K, reserved 1062912K
  class space    used 2051K, capacity 2310K, committed 2432K, reserved 1048576K
Heap Regions: E=young(eden), S=young(survivor), O=old, HS=humongous(starts), HC=humongous(continues), CS=collection set, F=free, A=archive, TAMS=top-at-mark-start (previous, next)
|   0|0x0000000084e00000, 0x0000000084e54600, 0x0000000084f00000| 32%| O|  |TAMS 0x0000000084e00000, 0x0000000084e00000| Untracked 
|   1|0x0000000084f00000, 0x0000000084f00000, 0x0000000085000000|  0%| F|  |TAMS 0x0000000084f00000, 0x0000000084f00000| Untracked 
|   2|0x0000000085000000, 0x0000000085000000, 0x0000000085100000|  0%| F|  |TAMS 0x0000000085000000, 0x0000000085000000| Untracked 
|   3|0x0000000085100000, 0x0000000085100000, 0x0000000085200000|  0%| F|  |TAMS 0x0000000085100000, 0x0000000085100000| Untracked 
|   4|0x0000000085200000, 0x0000000085200000, 0x0000000085300000|  0%| F|  |TAMS 0x0000000085200000, 0x0000000085200000| Untracked 
|   5|0x0000000085300000, 0x0000000085300000, 0x0000000085400000|  0%| F|  |TAMS 0x0000000085300000, 0x0000000085300000| Untracked 
|   6|0x0000000085400000, 0x0000000085400000, 0x0000000085500000|  0%| F|  |TAMS 0x0000000085400000, 0x0000000085400000| Untracked 
|   7|0x0000000085500000, 0x0000000085500000, 0x0000000085600000|  0%| F|  |TAMS 0x0000000085500000, 0x0000000085500000| Untracked 
|   8|0x0000000085600000, 0x0000000085600000, 0x0000000085700000|  0%| F|  |TAMS 0x0000000085600000, 0x0000000085600000| Untracked 
|   9|0x0000000085700000, 0x0000000085700000, 0x0000000085800000|  0%| F|  |TAMS 0x0000000085700000, 0x0000000085700000| Untracked 
|  10|0x0000000085800000, 0x0000000085800000, 0x0000000085900000|  0%| F|  |TAMS 0x0000000085800000, 0x0000000085800000| Untracked 
|  11|0x0000000085900000, 0x0000000085900000, 0x0000000085a00000|  0%| F|  |TAMS 0x0000000085900000, 0x0000000085900000| Untracked 
|  12|0x0000000085a00000, 0x0000000085a00000, 0x0000000085b00000|  0%| F|  |TAMS 0x0000000085a00000, 0x0000000085a00000| Untracked 
|  13|0x0000000085b00000, 0x0000000085b00000, 0x0000000085c00000|  0%| F|  |TAMS 0x0000000085b00000, 0x0000000085b00000| Untracked 
|  14|0x0000000085c00000, 0x0000000085c00000, 0x0000000085d00000|  0%| F|  |TAMS 0x0000000085c00000, 0x0000000085c00000| Untracked 
|  15|0x0000000085d00000, 0x0000000085d00000, 0x0000000085e00000|  0%| F|  |TAMS 0x0000000085d00000, 0x0000000085d00000| Untracked 
|  16|0x0000000085e00000, 0x0000000085e00000, 0x0000000085f00000|  0%| F|  |TAMS 0x0000000085e00000, 0x0000000085e00000| Untracked 
|  17|0x0000000085f00000, 0x0000000085f00000, 0x0000000086000000|  0%| F|  |TAMS 0x0000000085f00000, 0x0000000085f00000| Untracked 
|  18|0x0000000086000000, 0x0000000086000000, 0x0000000086100000|  0%| F|  |TAMS 0x0000000086000000, 0x0000000086000000| Untracked 
|  19|0x0000000086100000, 0x0000000086100000, 0x0000000086200000|  0%| F|  |TAMS 0x0000000086100000, 0x0000000086100000| Untracked 
|  20|0x0000000086200000, 0x0000000086200000, 0x0000000086300000|  0%| F|  |TAMS 0x0000000086200000, 0x0000000086200000| Untracked 
|  21|0x0000000086300000, 0x0000000086300000, 0x0000000086400000|  0%| F|  |TAMS 0x0000000086300000, 0x0000000086300000| Untracked 
|  22|0x0000000086400000, 0x0000000086400000, 0x0000000086500000|  0%| F|  |TAMS 0x0000000086400000, 0x0000000086400000| Untracked 
|  23|0x0000000086500000, 0x0000000086500000, 0x0000000086600000|  0%| F|  |TAMS 0x0000000086500000, 0x0000000086500000| Untracked 
|  24|0x0000000086600000, 0x0000000086600000, 0x0000000086700000|  0%| F|  |TAMS 0x0000000086600000, 0x0000000086600000| Untracked 
|  25|0x0000000086700000, 0x0000000086700000, 0x0000000086800000|  0%| F|  |TAMS 0x0000000086700000, 0x0000000086700000| Untracked 
|  26|0x0000000086800000, 0x0000000086800000, 0x0000000086900000|  0%| F|  |TAMS 0x0000000086800000, 0x0000000086800000| Untracked 
|  27|0x0000000086900000, 0x0000000086900000, 0x0000000086a00000|  0%| F|  |TAMS 0x0000000086900000, 0x0000000086900000| Untracked 
|  28|0x0000000086a00000, 0x0000000086a00000, 0x0000000086b00000|  0%| F|  |TAMS 0x0000000086a00000, 0x0000000086a00000| Untracked 
|  29|0x0000000086b00000, 0x0000000086b00000, 0x0000000086c00000|  0%| F|  |TAMS 0x0000000086b00000, 0x0000000086b00000| Untracked 
|  30|0x0000000086c00000, 0x0000000086c00000, 0x0000000086d00000|  0%| F|  |TAMS 0x0000000086c00000, 0x0000000086c00000| Untracked 
|  31|0x0000000086d00000, 0x0000000086d00000, 0x0000000086e00000|  0%| F|  |TAMS 0x0000000086d00000, 0x0000000086d00000| Untracked 
|  32|0x0000000086e00000, 0x0000000086e00000, 0x0000000086f00000|  0%| F|  |TAMS 0x0000000086e00000, 0x0000000086e00000| Untracked 
|  33|0x0000000086f00000, 0x0000000086f00000, 0x0000000087000000|  0%| F|  |TAMS 0x0000000086f00000, 0x0000000086f00000| Untracked 
|  34|0x0000000087000000, 0x0000000087000000, 0x0000000087100000|  0%| F|  |TAMS 0x0000000087000000, 0x0000000087000000| Untracked 
|  35|0x0000000087100000, 0x0000000087100000, 0x0000000087200000|  0%| F|  |TAMS 0x0000000087100000, 0x0000000087100000| Untracked 
|  36|0x0000000087200000, 0x0000000087200000, 0x0000000087300000|  0%| F|  |TAMS 0x0000000087200000, 0x0000000087200000| Untracked 
|  37|0x0000000087300000, 0x0000000087300000, 0x0000000087400000|  0%| F|  |TAMS 0x0000000087300000, 0x0000000087300000| Untracked 
|  38|0x0000000087400000, 0x0000000087400000, 0x0000000087500000|  0%| F|  |TAMS 0x0000000087400000, 0x0000000087400000| Untracked 
|  39|0x0000000087500000, 0x0000000087500000, 0x0000000087600000|  0%| F|  |TAMS 0x0000000087500000, 0x0000000087500000| Untracked 
|  40|0x0000000087600000, 0x0000000087600000, 0x0000000087700000|  0%| F|  |TAMS 0x0000000087600000, 0x0000000087600000| Untracked 
|  41|0x0000000087700000, 0x0000000087700000, 0x0000000087800000|  0%| F|  |TAMS 0x0000000087700000, 0x0000000087700000| Untracked 
|  42|0x0000000087800000, 0x0000000087800000, 0x0000000087900000|  0%| F|  |TAMS 0x0000000087800000, 0x0000000087800000| Untracked 
|  43|0x0000000087900000, 0x0000000087900000, 0x0000000087a00000|  0%| F|  |TAMS 0x0000000087900000, 0x0000000087900000| Untracked 
|  44|0x0000000087a00000, 0x0000000087a00000, 0x0000000087b00000|  0%| F|  |TAMS 0x0000000087a00000, 0x0000000087a00000| Untracked 
|  45|0x0000000087b00000, 0x0000000087b980d0, 0x0000000087c00000| 59%| S|CS|TAMS 0x0000000087b00000, 0x0000000087b00000| Complete 
|  46|0x0000000087c00000, 0x0000000087d00000, 0x0000000087d00000|100%| S|CS|TAMS 0x0000000087c00000, 0x0000000087c00000| Complete 
|  47|0x0000000087d00000, 0x0000000087e00000, 0x0000000087e00000|100%| S|CS|TAMS 0x0000000087d00000, 0x0000000087d00000| Complete 
|  48|0x0000000087e00000, 0x0000000087f00000, 0x0000000087f00000|100%| S|CS|TAMS 0x0000000087e00000, 0x0000000087e00000| Complete 
|  49|0x0000000087f00000, 0x0000000088000000, 0x0000000088000000|100%| S|CS|TAMS 0x0000000087f00000, 0x0000000087f00000| Complete 
|  50|0x0000000088000000, 0x0000000088000000, 0x0000000088100000|  0%| F|  |TAMS 0x0000000088000000, 0x0000000088000000| Untracked 
|  51|0x0000000088100000, 0x0000000088100000, 0x0000000088200000|  0%| F|  |TAMS 0x0000000088100000, 0x0000000088100000| Untracked 
|  52|0x0000000088200000, 0x0000000088200000, 0x0000000088300000|  0%| F|  |TAMS 0x0000000088200000, 0x0000000088200000| Untracked 
|  53|0x0000000088300000, 0x0000000088300000, 0x0000000088400000|  0%| F|  |TAMS 0x0000000088300000, 0x0000000088300000| Untracked 
|  54|0x0000000088400000, 0x0000000088400000, 0x0000000088500000|  0%| F|  |TAMS 0x0000000088400000, 0x0000000088400000| Untracked 
|  55|0x0000000088500000, 0x0000000088500000, 0x0000000088600000|  0%| F|  |TAMS 0x0000000088500000, 0x0000000088500000| Untracked 
|  56|0x0000000088600000, 0x0000000088600000, 0x0000000088700000|  0%| F|  |TAMS 0x0000000088600000, 0x0000000088600000| Untracked 
|  57|0x0000000088700000, 0x0000000088700000, 0x0000000088800000|  0%| F|  |TAMS 0x0000000088700000, 0x0000000088700000| Untracked 
|  58|0x0000000088800000, 0x0000000088800000, 0x0000000088900000|  0%| F|  |TAMS 0x0000000088800000, 0x0000000088800000| Untracked 
|  59|0x0000000088900000, 0x0000000088900000, 0x0000000088a00000|  0%| F|  |TAMS 0x0000000088900000, 0x0000000088900000| Untracked 
|  60|0x0000000088a00000, 0x0000000088a00000, 0x0000000088b00000|  0%| F|  |TAMS 0x0000000088a00000, 0x0000000088a00000| Untracked 
|  61|0x0000000088b00000, 0x0000000088b00000, 0x0000000088c00000|  0%| F|  |TAMS 0x0000000088b00000, 0x0000000088b00000| Untracked 
|  62|0x0000000088c00000, 0x0000000088c00000, 0x0000000088d00000|  0%| F|  |TAMS 0x0000000088c00000, 0x0000000088c00000| Untracked 
|  63|0x0000000088d00000, 0x0000000088d00000, 0x0000000088e00000|  0%| F|  |TAMS 0x0000000088d00000, 0x0000000088d00000| Untracked 
|  64|0x0000000088e00000, 0x0000000088e00000, 0x0000000088f00000|  0%| F|  |TAMS 0x0000000088e00000, 0x0000000088e00000| Untracked 
|  65|0x0000000088f00000, 0x0000000088f00000, 0x0000000089000000|  0%| F|  |TAMS 0x0000000088f00000, 0x0000000088f00000| Untracked 
|  66|0x0000000089000000, 0x0000000089000000, 0x0000000089100000|  0%| F|  |TAMS 0x0000000089000000, 0x0000000089000000| Untracked 
|  67|0x0000000089100000, 0x0000000089100000, 0x0000000089200000|  0%| F|  |TAMS 0x0000000089100000, 0x0000000089100000| Untracked 
|  68|0x0000000089200000, 0x0000000089200000, 0x0000000089300000|  0%| F|  |TAMS 0x0000000089200000, 0x0000000089200000| Untracked 
|  69|0x0000000089300000, 0x0000000089300000, 0x0000000089400000|  0%| F|  |TAMS 0x0000000089300000, 0x0000000089300000| Untracked 
|  70|0x0000000089400000, 0x0000000089400000, 0x0000000089500000|  0%| F|  |TAMS 0x0000000089400000, 0x0000000089400000| Untracked 
|  71|0x0000000089500000, 0x0000000089500000, 0x0000000089600000|  0%| F|  |TAMS 0x0000000089500000, 0x0000000089500000| Untracked 
|  72|0x0000000089600000, 0x0000000089600000, 0x0000000089700000|  0%| F|  |TAMS 0x0000000089600000, 0x0000000089600000| Untracked 
|  73|0x0000000089700000, 0x0000000089700000, 0x0000000089800000|  0%| F|  |TAMS 0x0000000089700000, 0x0000000089700000| Untracked 
|  74|0x0000000089800000, 0x0000000089800000, 0x0000000089900000|  0%| F|  |TAMS 0x0000000089800000, 0x0000000089800000| Untracked 
|  75|0x0000000089900000, 0x0000000089900000, 0x0000000089a00000|  0%| F|  |TAMS 0x0000000089900000, 0x0000000089900000| Untracked 
|  76|0x0000000089a00000, 0x0000000089a00000, 0x0000000089b00000|  0%| F|  |TAMS 0x0000000089a00000, 0x0000000089a00000| Untracked 
|  77|0x0000000089b00000, 0x0000000089b00000, 0x0000000089c00000|  0%| F|  |TAMS 0x0000000089b00000, 0x0000000089b00000| Untracked 
|  78|0x0000000089c00000, 0x0000000089c00000, 0x0000000089d00000|  0%| F|  |TAMS 0x0000000089c00000, 0x0000000089c00000| Untracked 
|  79|0x0000000089d00000, 0x0000000089d00000, 0x0000000089e00000|  0%| F|  |TAMS 0x0000000089d00000, 0x0000000089d00000| Untracked 
|  80|0x0000000089e00000, 0x0000000089e00000, 0x0000000089f00000|  0%| F|  |TAMS 0x0000000089e00000, 0x0000000089e00000| Untracked 
|  81|0x0000000089f00000, 0x0000000089f00000, 0x000000008a000000|  0%| F|  |TAMS 0x0000000089f00000, 0x0000000089f00000| Untracked 
|  82|0x000000008a000000, 0x000000008a000000, 0x000000008a100000|  0%| F|  |TAMS 0x000000008a000000, 0x000000008a000000| Untracked 
|  83|0x000000008a100000, 0x000000008a100000, 0x000000008a200000|  0%| F|  |TAMS 0x000000008a100000, 0x000000008a100000| Untracked 
|  84|0x000000008a200000, 0x000000008a200000, 0x000000008a300000|  0%| F|  |TAMS 0x000000008a200000, 0x000000008a200000| Untracked 
|  85|0x000000008a300000, 0x000000008a300000, 0x000000008a400000|  0%| F|  |TAMS 0x000000008a300000, 0x000000008a300000| Untracked 
|  86|0x000000008a400000, 0x000000008a400000, 0x000000008a500000|  0%| F|  |TAMS 0x000000008a400000, 0x000000008a400000| Untracked 
|  87|0x000000008a500000, 0x000000008a580800, 0x000000008a600000| 50%| E|  |TAMS 0x000000008a500000, 0x000000008a500000| Complete 
|  88|0x000000008a600000, 0x000000008a700000, 0x000000008a700000|100%| E|CS|TAMS 0x000000008a600000, 0x000000008a600000| Complete 
|  89|0x000000008a700000, 0x000000008a800000, 0x000000008a800000|100%| E|CS|TAMS 0x000000008a700000, 0x000000008a700000| Complete 
|  90|0x000000008a800000, 0x000000008a900000, 0x000000008a900000|100%| E|CS|TAMS 0x000000008a800000, 0x000000008a800000| Complete 
|  91|0x000000008a900000, 0x000000008aa00000, 0x000000008aa00000|100%| E|CS|TAMS 0x000000008a900000, 0x000000008a900000| Complete 
|  92|0x000000008aa00000, 0x000000008ab00000, 0x000000008ab00000|100%| E|CS|TAMS 0x000000008aa00000, 0x000000008aa00000| Complete 
|  93|0x000000008ab00000, 0x000000008ac00000, 0x000000008ac00000|100%| E|CS|TAMS 0x000000008ab00000, 0x000000008ab00000| Complete 
|  94|0x000000008ac00000, 0x000000008ad00000, 0x000000008ad00000|100%| E|CS|TAMS 0x000000008ac00000, 0x000000008ac00000| Complete 
|  95|0x000000008ad00000, 0x000000008ae00000, 0x000000008ae00000|100%| E|CS|TAMS 0x000000008ad00000, 0x000000008ad00000| Complete 
|  96|0x000000008ae00000, 0x000000008af00000, 0x000000008af00000|100%| E|CS|TAMS 0x000000008ae00000, 0x000000008ae00000| Complete 
|  97|0x000000008af00000, 0x000000008b000000, 0x000000008b000000|100%| E|CS|TAMS 0x000000008af00000, 0x000000008af00000| Complete 
|  98|0x000000008b000000, 0x000000008b100000, 0x000000008b100000|100%| E|CS|TAMS 0x000000008b000000, 0x000000008b000000| Complete 
|  99|0x000000008b100000, 0x000000008b200000, 0x000000008b200000|100%| E|CS|TAMS 0x000000008b100000, 0x000000008b100000| Complete 
| 100|0x000000008b200000, 0x000000008b300000, 0x000000008b300000|100%| E|CS|TAMS 0x000000008b200000, 0x000000008b200000| Complete 
| 101|0x000000008b300000, 0x000000008b400000, 0x000000008b400000|100%| E|CS|TAMS 0x000000008b300000, 0x000000008b300000| Complete 
| 102|0x000000008b400000, 0x000000008b500000, 0x000000008b500000|100%| E|CS|TAMS 0x000000008b400000, 0x000000008b400000| Complete 
| 103|0x000000008b500000, 0x000000008b600000, 0x000000008b600000|100%| E|CS|TAMS 0x000000008b500000, 0x000000008b500000| Complete 
| 104|0x000000008b600000, 0x000000008b700000, 0x000000008b700000|100%| E|CS|TAMS 0x000000008b600000, 0x000000008b600000| Complete 
| 105|0x000000008b700000, 0x000000008b800000, 0x000000008b800000|100%| E|CS|TAMS 0x000000008b700000, 0x000000008b700000| Complete 
| 106|0x000000008b800000, 0x000000008b900000, 0x000000008b900000|100%| E|CS|TAMS 0x000000008b800000, 0x000000008b800000| Complete 
| 107|0x000000008b900000, 0x000000008ba00000, 0x000000008ba00000|100%| E|CS|TAMS 0x000000008b900000, 0x000000008b900000| Complete 
| 108|0x000000008ba00000, 0x000000008bb00000, 0x000000008bb00000|100%| E|CS|TAMS 0x000000008ba00000, 0x000000008ba00000| Complete 
| 109|0x000000008bb00000, 0x000000008bc00000, 0x000000008bc00000|100%| E|CS|TAMS 0x000000008bb00000, 0x000000008bb00000| Complete 
| 110|0x000000008bc00000, 0x000000008bd00000, 0x000000008bd00000|100%| E|CS|TAMS 0x000000008bc00000, 0x000000008bc00000| Complete 
| 111|0x000000008bd00000, 0x000000008be00000, 0x000000008be00000|100%| E|CS|TAMS 0x000000008bd00000, 0x000000008bd00000| Complete 
| 112|0x000000008be00000, 0x000000008bf00000, 0x000000008bf00000|100%| E|CS|TAMS 0x000000008be00000, 0x000000008be00000| Complete 
| 113|0x000000008bf00000, 0x000000008c000000, 0x000000008c000000|100%| E|CS|TAMS 0x000000008bf00000, 0x000000008bf00000| Complete 
| 114|0x000000008c000000, 0x000000008c100000, 0x000000008c100000|100%| E|CS|TAMS 0x000000008c000000, 0x000000008c000000| Complete 
| 115|0x000000008c100000, 0x000000008c200000, 0x000000008c200000|100%| E|CS|TAMS 0x000000008c100000, 0x000000008c100000| Complete 
| 116|0x000000008c200000, 0x000000008c300000, 0x000000008c300000|100%| E|CS|TAMS 0x000000008c200000, 0x000000008c200000| Complete 
| 117|0x000000008c300000, 0x000000008c400000, 0x000000008c400000|100%| E|CS|TAMS 0x000000008c300000, 0x000000008c300000| Complete 
| 118|0x000000008c400000, 0x000000008c500000, 0x000000008c500000|100%| E|CS|TAMS 0x000000008c400000, 0x000000008c400000| Complete 
| 119|0x000000008c500000, 0x000000008c600000, 0x000000008c600000|100%| E|CS|TAMS 0x000000008c500000, 0x000000008c500000| Complete 
| 120|0x000000008c600000, 0x000000008c700000, 0x000000008c700000|100%| E|CS|TAMS 0x000000008c600000, 0x000000008c600000| Complete 
| 121|0x000000008c700000, 0x000000008c800000, 0x000000008c800000|100%| E|CS|TAMS 0x000000008c700000, 0x000000008c700000| Complete 
| 122|0x000000008c800000, 0x000000008c900000, 0x000000008c900000|100%| E|CS|TAMS 0x000000008c800000, 0x000000008c800000| Complete 
| 123|0x000000008c900000, 0x000000008ca00000, 0x000000008ca00000|100%| E|CS|TAMS 0x000000008c900000, 0x000000008c900000| Complete 
|1968|0x00000000ffe00000, 0x00000000ffe47000, 0x00000000fff00000| 27%|OA|  |TAMS 0x00000000ffe00000, 0x00000000ffe00000| Untracked 
|1969|0x00000000fff00000, 0x00000000fff6b000, 0x0000000100000000| 41%|CA|  |TAMS 0x00000000fff00000, 0x00000000fff00000| Untracked 

Card table byte_map: [0x00007f6d916c5000,0x00007f6d91a9e000] _byte_map_base: 0x00007f6d9129e000

Marking Bits (Prev, Next): (CMBitMap*) 0x00007f6d8c058488, (CMBitMap*) 0x00007f6d8c0584c0
 Prev Bits: [0x00007f6d6e138000, 0x00007f6d70000000)
 Next Bits: [0x00007f6d6c270000, 0x00007f6d6e138000)

Polling page: 0x00007f6d93f43000

Metaspace:

Usage:
  Non-class:     12,42 MB capacity,    12,00 MB ( 97%) used,   371,23 KB (  3%) free+waste,    58,19 KB ( <1%) overhead. 
      Class:      2,26 MB capacity,     2,00 MB ( 89%) used,   228,50 KB ( 10%) free+waste,    30,50 KB (  1%) overhead. 
       Both:     14,67 MB capacity,    14,00 MB ( 95%) used,   599,73 KB (  4%) free+waste,    88,69 KB ( <1%) overhead. 

Virtual space:
  Non-class space:       14,00 MB reserved,      12,75 MB ( 91%) committed 
      Class space:        1,00 GB reserved,       2,38 MB ( <1%) committed 
             Both:        1,01 GB reserved,      15,12 MB (  1%) committed 

Chunk freelists:
   Non-Class:  117,00 KB
       Class:  26,00 KB
        Both:  143,00 KB

MaxMetaspaceSize: unlimited
CompressedClassSpaceSize: 1,00 GB

CodeHeap 'non-profiled nmethods': size=120032Kb used=1152Kb max_used=1152Kb free=118879Kb
 bounds [0x00007f6d7c340000, 0x00007f6d7c5b0000, 0x00007f6d83878000]
CodeHeap 'profiled nmethods': size=120032Kb used=4241Kb max_used=4241Kb free=115790Kb
 bounds [0x00007f6d74e08000, 0x00007f6d75238000, 0x00007f6d7c340000]
CodeHeap 'non-nmethods': size=5696Kb used=1190Kb max_used=1288Kb free=4505Kb
 bounds [0x00007f6d74878000, 0x00007f6d74ae8000, 0x00007f6d74e08000]
 total_blobs=2437 nmethods=1991 adapters=366
 compilation: enabled
              stopped_count=0, restarted_count=0
 full_count=0

Compilation events (20 events):
Event: 3,241 Thread 0x00007f6d8c183800 nmethod 1926 0x00007f6d7c409b90 code [0x00007f6d7c409d20, 0x00007f6d7c409d98]
Event: 3,241 Thread 0x00007f6d8c183800 1856       4       org.eclipse.jdt.launching.internal.org.objectweb.asm.ClassWriter::visitEnd (1 bytes)
Event: 3,241 Thread 0x00007f6d8c183800 nmethod 1856 0x00007f6d7c409e10 code [0x00007f6d7c409fa0, 0x00007f6d7c40a018]
Event: 3,241 Thread 0x00007f6d8c183800 1858       4       jdk.internal.loader.URLClassPath$JarLoader$2::getCodeSourceURL (8 bytes)
Event: 3,242 Thread 0x00007f6d8c183800 nmethod 1858 0x00007f6d7c40a090 code [0x00007f6d7c40a220, 0x00007f6d7c40a2d8]
Event: 3,615 Thread 0x00007f6d4036c800 nmethod 1956% 0x00007f6d7c40a390 code [0x00007f6d7c40a8c0, 0x00007f6d7c4153e8]
Event: 80,418 Thread 0x00007f6d8c183800 1992       4       org.eclipse.jdt.launching.internal.org.objectweb.asm.SymbolTable::<init> (536 bytes)
Event: 80,419 Thread 0x00007f6d8c186000 1993       3       org.eclipse.jdt.launching.internal.org.objectweb.asm.SymbolTable::computeBootstrapMethodsSize (27 bytes)
Event: 80,419 Thread 0x00007f6d8c186000 nmethod 1993 0x00007f6d7522bb10 code [0x00007f6d7522bce0, 0x00007f6d7522bea0]
Event: 80,987 Thread 0x00007f6d8c183800 nmethod 1992 0x00007f6d7c41b190 code [0x00007f6d7c41b6e0, 0x00007f6d7c426c68]
Event: 169,838 Thread 0x00007f6d8c183800 1994       4       org.eclipse.jdt.launching.internal.org.objectweb.asm.ClassReader::readClass (7 bytes)
Event: 169,856 Thread 0x00007f6d8c183800 nmethod 1994 0x00007f6d7c42c290 code [0x00007f6d7c42c440, 0x00007f6d7c42c928]
Event: 169,856 Thread 0x00007f6d8c183800 1995       4       org.eclipse.jdt.launching.internal.org.objectweb.asm.ClassReader::readMethod (1061 bytes)
Event: 169,856 Thread 0x00007f6d3c254000 1996       4       org.eclipse.jdt.launching.internal.org.objectweb.asm.ClassVisitor::visitMethod (24 bytes)
Event: 170,405 Thread 0x00007f6d3c254000 nmethod 1996 0x00007f6d7c42cd10 code [0x00007f6d7c42d0a0, 0x00007f6d7c437800]
Event: 170,405 Thread 0x00007f6d3c254000 1997       4       org.eclipse.jdt.launching.internal.org.objectweb.asm.MethodWriter::<init> (232 bytes)
Event: 170,722 Thread 0x00007f6d3c254000 nmethod 1997 0x00007f6d7c43b710 code [0x00007f6d7c43ba80, 0x00007f6d7c441de0]
Event: 171,043 Thread 0x00007f6d8c183800 nmethod 1995 0x00007f6d7c444610 code [0x00007f6d7c444b40, 0x00007f6d7c45a3e0]
Event: 362,755 Thread 0x00007f6d8c186000 2001       3       org.eclipse.jdt.launching.internal.org.objectweb.asm.ByteVector::<init> (12 bytes)
Event: 362,755 Thread 0x00007f6d8c186000 nmethod 2001 0x00007f6d7522bf90 code [0x00007f6d7522c140, 0x00007f6d7522c3b0]

GC Heap History (4 events):
Event: 0,705 GC heap before
{Heap before GC invocations=0 (full 0):
 garbage-first heap   total 129024K, used 15048K [0x0000000084e00000, 0x0000000100000000)
  region size 1024K, 14 young (14336K), 0 survivors (0K)
 Metaspace       used 3549K, capacity 5292K, committed 5376K, reserved 1056768K
  class space    used 330K, capacity 505K, committed 512K, reserved 1048576K
}
Event: 0,717 GC heap after
{Heap after GC invocations=1 (full 0):
 garbage-first heap   total 129024K, used 3097K [0x0000000084e00000, 0x0000000100000000)
  region size 1024K, 2 young (2048K), 2 survivors (2048K)
 Metaspace       used 3549K, capacity 5292K, committed 5376K, reserved 1056768K
  class space    used 330K, capacity 505K, committed 512K, reserved 1048576K
}
Event: 2,612 GC heap before
{Heap before GC invocations=1 (full 0):
 garbage-first heap   total 129024K, used 76825K [0x0000000084e00000, 0x0000000100000000)
  region size 1024K, 74 young (75776K), 2 survivors (2048K)
 Metaspace       used 11611K, capacity 12224K, committed 12672K, reserved 1060864K
  class space    used 1599K, capacity 1842K, committed 1920K, reserved 1048576K
}
Event: 2,629 GC heap after
{Heap after GC invocations=2 (full 0):
 garbage-first heap   total 129024K, used 5753K [0x0000000084e00000, 0x0000000100000000)
  region size 1024K, 5 young (5120K), 5 survivors (5120K)
 Metaspace       used 11611K, capacity 12224K, committed 12672K, reserved 1060864K
  class space    used 1599K, capacity 1842K, committed 1920K, reserved 1048576K
}

Deoptimization events (20 events):
Event: 2,739 Thread 0x00007f6d8c018800 DEOPT PACKING pc=0x00007f6d7c3caa7c sp=0x00007f6d9270ec70
Event: 2,739 Thread 0x00007f6d8c018800 DEOPT UNPACKING pc=0x00007f6d748ae425 sp=0x00007f6d9270ec50 mode 2
Event: 2,843 Thread 0x00007f6d8c018800 DEOPT PACKING pc=0x00007f6d750eaa64 sp=0x00007f6d9270e2a0
Event: 2,843 Thread 0x00007f6d8c018800 DEOPT UNPACKING pc=0x00007f6d748aebca sp=0x00007f6d9270d770 mode 1
Event: 2,845 Thread 0x00007f6d8c018800 Uncommon trap: trap_request=0xffffffde fr.pc=0x00007f6d7c3dad40 relative=0x0000000000001180
Event: 2,845 Thread 0x00007f6d8c018800 Uncommon trap: reason=class_check action=maybe_recompile pc=0x00007f6d7c3dad40 method=java.util.concurrent.ConcurrentHashMap.putVal(Ljava/lang/Object;Ljava/lang/Object;Z)Ljava/lang/Object; @ 159 c2
Event: 2,845 Thread 0x00007f6d8c018800 DEOPT PACKING pc=0x00007f6d7c3dad40 sp=0x00007f6d9270f020
Event: 2,845 Thread 0x00007f6d8c018800 DEOPT UNPACKING pc=0x00007f6d748ae425 sp=0x00007f6d9270efc0 mode 2
Event: 2,868 Thread 0x00007f6d8c018800 DEOPT PACKING pc=0x00007f6d750eaa64 sp=0x00007f6d9270e9a0
Event: 2,868 Thread 0x00007f6d8c018800 DEOPT UNPACKING pc=0x00007f6d748aebca sp=0x00007f6d9270de58 mode 1
Event: 2,868 Thread 0x00007f6d8c018800 DEOPT PACKING pc=0x00007f6d74f91084 sp=0x00007f6d9270ea70
Event: 2,868 Thread 0x00007f6d8c018800 DEOPT UNPACKING pc=0x00007f6d748aebca sp=0x00007f6d9270df48 mode 1
Event: 2,905 Thread 0x00007f6d8c018800 DEOPT PACKING pc=0x00007f6d750eaa64 sp=0x00007f6d9270c780
Event: 2,905 Thread 0x00007f6d8c018800 DEOPT UNPACKING pc=0x00007f6d748aebca sp=0x00007f6d9270bc38 mode 1
Event: 2,905 Thread 0x00007f6d8c018800 DEOPT PACKING pc=0x00007f6d74f91084 sp=0x00007f6d9270c850
Event: 2,905 Thread 0x00007f6d8c018800 DEOPT UNPACKING pc=0x00007f6d748aebca sp=0x00007f6d9270bd28 mode 1
Event: 169,838 Thread 0x00007f6d8c1e7800 Uncommon trap: trap_request=0xffffff4d fr.pc=0x00007f6d7c420050 relative=0x0000000000004970
Event: 169,838 Thread 0x00007f6d8c1e7800 Uncommon trap: reason=unstable_if action=reinterpret pc=0x00007f6d7c420050 method=org.eclipse.jdt.launching.internal.org.objectweb.asm.SymbolTable.<init>(Lorg/eclipse/jdt/launching/internal/org/objectweb/asm/ClassWriter;Lorg/eclipse/jdt/launching/internal
Event: 169,838 Thread 0x00007f6d8c1e7800 DEOPT PACKING pc=0x00007f6d7c420050 sp=0x00007f6d6c16c550
Event: 169,838 Thread 0x00007f6d8c1e7800 DEOPT UNPACKING pc=0x00007f6d748ae425 sp=0x00007f6d6c16c578 mode 2

Classes redefined (13 events):
Event: 3,058 Thread 0x00007f6d8c175000 redefined class name=java.lang.Object, count=1
Event: 3,061 Thread 0x00007f6d8c175000 redefined class name=unq.Puntaje, count=2
Event: 3,132 Thread 0x00007f6d8c175000 redefined class name=unq.CategoriaDePuntaje, count=2
Event: 5,633 Thread 0x00007f6d8c175000 redefined class name=unq.CancelacionGratuita, count=2
Event: 5,638 Thread 0x00007f6d8c175000 redefined class name=unq.PoliticaDeCancelacion, count=2
Event: 8,689 Thread 0x00007f6d8c175000 redefined class name=unq.Publicacion, count=1
Event: 10,544 Thread 0x00007f6d8c175000 redefined class name=unq.Reserva, count=1
Event: 17,737 Thread 0x00007f6d8c175000 redefined class name=unq.SitioWeb, count=1
Event: 17,742 Thread 0x00007f6d8c175000 redefined class name=java.util.Observable, count=1
Event: 80,431 Thread 0x00007f6d8c175000 redefined class name=unq.Usuario, count=2
Event: 169,851 Thread 0x00007f6d8c175000 redefined class name=entidades.UsuarioTestCase, count=2
Event: 362,752 Thread 0x00007f6d8c175000 redefined class name=entidades.UsuarioTestCase, count=3
Event: 391,333 Thread 0x00007f6d8c175000 redefined class name=entidades.UsuarioTestCase, count=4

Internal exceptions (20 events):
Event: 1,399 Thread 0x00007f6d8c018800 Exception <a 'java/lang/NoSuchMethodError'{0x000000008aefb048}: 'java.lang.Object java.lang.invoke.DirectMethodHandle$Holder.invokeInterface(java.lang.Object, java.lang.Object, java.lang.Object, java.lang.Object, java.lang.Object)'> (0x000000008aefb048) thrown at [src/hotspot/share/interpreter/linkResolver.cpp, line 772]
Event: 1,399 Thread 0x00007f6d8c018800 Exception <a 'java/lang/IncompatibleClassChangeError'{0x000000008aefe7a0}: Found class java.lang.Object, but interface was expected> (0x000000008aefe7a0) thrown at [src/hotspot/share/interpreter/linkResolver.cpp, line 839]
Event: 1,416 Thread 0x00007f6d8c018800 Exception <a 'java/lang/IncompatibleClassChangeError'{0x000000008ad7b970}: Found class java.lang.Object, but interface was expected> (0x000000008ad7b970) thrown at [src/hotspot/share/interpreter/linkResolver.cpp, line 839]
Event: 1,516 Thread 0x00007f6d8c018800 Exception <a 'java/lang/reflect/InvocationTargetException'{0x000000008a88a8a0}> (0x000000008a88a8a0) thrown at [src/hotspot/share/runtime/reflection.cpp, line 1245]
Event: 1,518 Thread 0x00007f6d8c018800 Exception <a 'java/lang/NoSuchMethodError'{0x000000008a897dc8}: 'java.lang.Object java.lang.invoke.DirectMethodHandle$Holder.invokeStaticInit(java.lang.Object, java.lang.Object, long, java.lang.Object)'> (0x000000008a897dc8) thrown at [src/hotspot/share/interpreter/linkResolver.cpp, line 772]
Event: 1,519 Thread 0x00007f6d8c018800 Exception <a 'java/lang/NoSuchMethodError'{0x000000008a8a4478}: 'java.lang.Object java.lang.invoke.Invokers$Holder.linkToTargetMethod(java.lang.Object, long, java.lang.Object)'> (0x000000008a8a4478) thrown at [src/hotspot/share/interpreter/linkResolver.cpp, line 772]
Event: 1,531 Thread 0x00007f6d8c018800 Exception <a 'java/lang/NoSuchMethodError'{0x000000008a72dda8}: 'java.lang.Object java.lang.invoke.DirectMethodHandle$Holder.invokeStatic(java.lang.Object, java.lang.Object, java.lang.Object, int)'> (0x000000008a72dda8) thrown at [src/hotspot/share/interpreter/linkResolver.cpp, line 772]
Event: 1,532 Thread 0x00007f6d8c018800 Exception <a 'java/lang/NoSuchMethodError'{0x000000008a731f70}: 'java.lang.Object java.lang.invoke.DirectMethodHandle$Holder.invokeSpecial(java.lang.Object, java.lang.Object, java.lang.Object, java.lang.Object, int)'> (0x000000008a731f70) thrown at [src/hotspot/share/interpreter/linkResolver.cpp, line 772]
Event: 1,532 Thread 0x00007f6d8c018800 Exception <a 'java/lang/NoSuchMethodError'{0x000000008a735958}: 'java.lang.Object java.lang.invoke.Invokers$Holder.linkToTargetMethod(java.lang.Object, java.lang.Object, int, java.lang.Object)'> (0x000000008a735958) thrown at [src/hotspot/share/interpreter/linkResolver.cpp, line 772]
Event: 2,078 Thread 0x00007f6d8c018800 Exception <a 'java/lang/NoSuchMethodError'{0x000000008a572ef0}: 'int java.lang.invoke.DirectMethodHandle$Holder.invokeSpecial(java.lang.Object, java.lang.Object, java.lang.Object, java.lang.Object, java.lang.Object)'> (0x000000008a572ef0) thrown at [src/hotspot/share/interpreter/linkResolver.cpp, line 772]
Event: 2,575 Thread 0x00007f6d8c018800 Exception <a 'java/lang/ClassNotFoundException'{0x00000000881d4aa8}: java/lang/ClassLoader$ByteBuddyAccessor$pC3I5UXa> (0x00000000881d4aa8) thrown at [src/hotspot/share/classfile/systemDictionary.cpp, line 231]
Event: 3,074 Thread 0x00007f6d8c018800 Exception <a 'java/lang/NoSuchMethodError'{0x000000008b191fc8}: 'void java.lang.invoke.DelegatingMethodHandle$Holder.delegate(java.lang.Object, java.lang.Object, int, java.lang.Object)'> (0x000000008b191fc8) thrown at [src/hotspot/share/interpreter/linkResolver.cpp, line 772]
Event: 3,077 Thread 0x00007f6d8c018800 Exception <a 'java/lang/NoSuchMethodError'{0x000000008b19e398}: 'int java.lang.invoke.DirectMethodHandle$Holder.invokeSpecial(java.lang.Object, java.lang.Object, java.lang.Object, java.lang.Object)'> (0x000000008b19e398) thrown at [src/hotspot/share/interpreter/linkResolver.cpp, line 772]
Event: 3,083 Thread 0x00007f6d8c018800 Exception <a 'java/lang/NoSuchMethodError'{0x000000008b1b5788}: 'java.lang.Object java.lang.invoke.DirectMethodHandle$Holder.newInvokeSpecial(java.lang.Object, int, java.lang.Object, java.lang.Object)'> (0x000000008b1b5788) thrown at [src/hotspot/share/interpreter/linkResolver.cpp, line 772]
Event: 3,085 Thread 0x00007f6d8c018800 Exception <a 'java/lang/NoSuchMethodError'{0x000000008b1bd368}: 'java.lang.Object java.lang.invoke.Invokers$Holder.invoker(java.lang.Object, java.lang.Object, java.lang.Object, java.lang.Object, java.lang.Object)'> (0x000000008b1bd368) thrown at [src/hotspot/share/interpreter/linkResolver.cpp, line 772]
Event: 3,096 Thread 0x00007f6d8c018800 Exception <a 'java/lang/NoSuchMethodError'{0x000000008b1c7d00}: 'java.lang.Object java.lang.invoke.DirectMethodHandle$Holder.invokeStatic(java.lang.Object, java.lang.Object, java.lang.Object, java.lang.Object, int)'> (0x000000008b1c7d00) thrown at [src/hotspot/share/interpreter/linkResolver.cpp, line 772]
Event: 3,097 Thread 0x00007f6d8c018800 Exception <a 'java/lang/NoSuchMethodError'{0x000000008b1ce938}: 'java.lang.Object java.lang.invoke.DirectMethodHandle$Holder.invokeSpecial(java.lang.Object, java.lang.Object, int, java.lang.Object, java.lang.Object)'> (0x000000008b1ce938) thrown at [src/hotspot/share/interpreter/linkResolver.cpp, line 772]
Event: 3,098 Thread 0x00007f6d8c018800 Exception <a 'java/lang/NoSuchMethodError'{0x000000008b1d23d8}: 'java.lang.Object java.lang.invoke.DelegatingMethodHandle$Holder.reinvoke_L(java.lang.Object, int, java.lang.Object, java.lang.Object)'> (0x000000008b1d23d8) thrown at [src/hotspot/share/interpreter/linkResolver.cpp, line 772]
Event: 3,135 Thread 0x00007f6d8c018800 Exception <a 'java/lang/NoSuchMethodError'{0x000000008b06ed50}: 'java.lang.Object java.lang.invoke.Invokers$Holder.invoker(java.lang.Object, java.lang.Object, java.lang.Object)'> (0x000000008b06ed50) thrown at [src/hotspot/share/interpreter/linkResolver.cpp, line 772]
Event: 10,555 Thread 0x00007f6d8c018800 Exception <a 'java/lang/NoSuchMethodError'{0x000000008ad874d8}: 'java.lang.Object java.lang.invoke.DirectMethodHandle$Holder.newInvokeSpecial(java.lang.Object, java.lang.Object, java.lang.Object, java.lang.Object, java.lang.Object, java.lang.Object)'> (0x000000008ad874d8) thrown at [src/hotspot/share/interpreter/linkResolver.cpp, line 772]

Events (20 events):
Event: 391,385 Executing VM operation: ChangeBreakpoints done
Event: 391,396 Executing VM operation: ChangeBreakpoints
Event: 391,396 Executing VM operation: ChangeBreakpoints done
Event: 391,398 Executing VM operation: GetFrameCount
Event: 391,398 Executing VM operation: GetFrameCount done
Event: 391,398 Executing VM operation: GetStackTrace
Event: 391,398 Executing VM operation: GetStackTrace done
Event: 391,399 Executing VM operation: GetFrameCount
Event: 391,399 Executing VM operation: GetFrameCount done
Event: 391,399 Executing VM operation: SetFramePop
Event: 391,399 Executing VM operation: SetFramePop done
Event: 391,399 Executing VM operation: GetFrameLocation
Event: 391,399 Executing VM operation: GetFrameLocation done
Event: 391,399 Executing VM operation: GetCurrentLocation
Event: 391,399 Executing VM operation: GetCurrentLocation done
Event: 391,399 Executing VM operation: ChangeSingleStep
Event: 391,399 Executing VM operation: ChangeSingleStep done
Event: 391,400 Executing VM operation: GetFrameLocation
Event: 391,400 Executing VM operation: GetFrameLocation done
Event: 391,400 Executing VM operation: GetOrSetLocal


Dynamic libraries:
84e00000-8ca00000 rw-p 00000000 00:00 0 
8ca00000-ffe00000 ---p 00000000 00:00 0 
ffe00000-ffe47000 rw-p 01111000 08:04 786880                             /usr/lib/jvm/java-11-openjdk-amd64/lib/server/classes.jsa
ffe47000-fff00000 rw-p 00000000 00:00 0 
fff00000-fff6b000 rw-p 010a6000 08:04 786880                             /usr/lib/jvm/java-11-openjdk-amd64/lib/server/classes.jsa
fff6b000-100000000 rw-p 00000000 00:00 0 
800000000-800002000 rwxp 00001000 08:04 786880                           /usr/lib/jvm/java-11-openjdk-amd64/lib/server/classes.jsa
800002000-8010a5000 rw-p 00003000 08:04 786880                           /usr/lib/jvm/java-11-openjdk-amd64/lib/server/classes.jsa
840000000-840260000 rw-p 00000000 00:00 0 
840260000-880000000 ---p 00000000 00:00 0 
55ea89171000-55ea89172000 r--p 00000000 08:04 795555                     /usr/lib/jvm/java-11-openjdk-amd64/bin/java
55ea89172000-55ea89173000 r-xp 00001000 08:04 795555                     /usr/lib/jvm/java-11-openjdk-amd64/bin/java
55ea89173000-55ea89174000 r--p 00002000 08:04 795555                     /usr/lib/jvm/java-11-openjdk-amd64/bin/java
55ea89174000-55ea89175000 r--p 00002000 08:04 795555                     /usr/lib/jvm/java-11-openjdk-amd64/bin/java
55ea89175000-55ea89176000 rw-p 00003000 08:04 795555                     /usr/lib/jvm/java-11-openjdk-amd64/bin/java
55ea89260000-55ea89281000 rw-p 00000000 00:00 0                          [heap]
7f6d04000000-7f6d04021000 rw-p 00000000 00:00 0 
7f6d04021000-7f6d08000000 ---p 00000000 00:00 0 
7f6d0c000000-7f6d0d71f000 rw-p 00000000 00:00 0 
7f6d0d71f000-7f6d10000000 ---p 00000000 00:00 0 
7f6d10000000-7f6d10033000 rw-p 00000000 00:00 0 
7f6d10033000-7f6d14000000 ---p 00000000 00:00 0 
7f6d14000000-7f6d14021000 rw-p 00000000 00:00 0 
7f6d14021000-7f6d18000000 ---p 00000000 00:00 0 
7f6d18000000-7f6d18021000 rw-p 00000000 00:00 0 
7f6d18021000-7f6d1c000000 ---p 00000000 00:00 0 
7f6d1c000000-7f6d1c021000 rw-p 00000000 00:00 0 
7f6d1c021000-7f6d20000000 ---p 00000000 00:00 0 
7f6d20000000-7f6d20021000 rw-p 00000000 00:00 0 
7f6d20021000-7f6d24000000 ---p 00000000 00:00 0 
7f6d24000000-7f6d24021000 rw-p 00000000 00:00 0 
7f6d24021000-7f6d28000000 ---p 00000000 00:00 0 
7f6d28000000-7f6d28021000 rw-p 00000000 00:00 0 
7f6d28021000-7f6d2c000000 ---p 00000000 00:00 0 
7f6d2c000000-7f6d2d761000 rw-p 00000000 00:00 0 
7f6d2d761000-7f6d30000000 ---p 00000000 00:00 0 
7f6d30000000-7f6d30164000 rw-p 00000000 00:00 0 
7f6d30164000-7f6d34000000 ---p 00000000 00:00 0 
7f6d34000000-7f6d34021000 rw-p 00000000 00:00 0 
7f6d34021000-7f6d38000000 ---p 00000000 00:00 0 
7f6d38000000-7f6d38021000 rw-p 00000000 00:00 0 
7f6d38021000-7f6d3c000000 ---p 00000000 00:00 0 
7f6d3c000000-7f6d3e4d9000 rw-p 00000000 00:00 0 
7f6d3e4d9000-7f6d40000000 ---p 00000000 00:00 0 
7f6d40000000-7f6d40742000 rw-p 00000000 00:00 0 
7f6d40742000-7f6d44000000 ---p 00000000 00:00 0 
7f6d44000000-7f6d44021000 rw-p 00000000 00:00 0 
7f6d44021000-7f6d48000000 ---p 00000000 00:00 0 
7f6d48000000-7f6d48021000 rw-p 00000000 00:00 0 
7f6d48021000-7f6d4c000000 ---p 00000000 00:00 0 
7f6d4c000000-7f6d4c021000 rw-p 00000000 00:00 0 
7f6d4c021000-7f6d50000000 ---p 00000000 00:00 0 
7f6d50000000-7f6d50021000 rw-p 00000000 00:00 0 
7f6d50021000-7f6d54000000 ---p 00000000 00:00 0 
7f6d54000000-7f6d54021000 rw-p 00000000 00:00 0 
7f6d54021000-7f6d58000000 ---p 00000000 00:00 0 
7f6d58000000-7f6d58321000 rw-p 00000000 00:00 0 
7f6d58321000-7f6d5c000000 ---p 00000000 00:00 0 
7f6d5c000000-7f6d5c021000 rw-p 00000000 00:00 0 
7f6d5c021000-7f6d60000000 ---p 00000000 00:00 0 
7f6d60000000-7f6d60021000 rw-p 00000000 00:00 0 
7f6d60021000-7f6d64000000 ---p 00000000 00:00 0 
7f6d64708000-7f6d64908000 rw-p 00000000 00:00 0 
7f6d64a5a000-7f6d64a5b000 ---p 00000000 00:00 0 
7f6d64a5b000-7f6d64b5c000 rw-p 00000000 00:00 0 
7f6d64cf8000-7f6d64db8000 rw-p 00000000 00:00 0 
7f6d64db8000-7f6d64ef8000 ---p 00000000 00:00 0 
7f6d64ef8000-7f6d650f8000 rw-p 00000000 00:00 0 
7f6d650f8000-7f6d650fc000 ---p 00000000 00:00 0 
7f6d650fc000-7f6d651f9000 rw-p 00000000 00:00 0 
7f6d651f9000-7f6d651fd000 ---p 00000000 00:00 0 
7f6d651fd000-7f6d652fa000 rw-p 00000000 00:00 0 
7f6d652fa000-7f6d652fb000 ---p 00000000 00:00 0 
7f6d652fb000-7f6d653fc000 rw-p 00000000 00:00 0 
7f6d653fc000-7f6d653fd000 ---p 00000000 00:00 0 
7f6d653fd000-7f6d654fe000 rw-p 00000000 00:00 0 
7f6d654fe000-7f6d654ff000 ---p 00000000 00:00 0 
7f6d654ff000-7f6d65600000 rw-p 00000000 00:00 0 
7f6d65600000-7f6d65604000 ---p 00000000 00:00 0 
7f6d65604000-7f6d65701000 rw-p 00000000 00:00 0 
7f6d65701000-7f6d65705000 ---p 00000000 00:00 0 
7f6d65705000-7f6d65802000 rw-p 00000000 00:00 0 
7f6d65802000-7f6d66000000 r--p 00000000 08:04 656390                     /usr/lib/locale/locale-archive
7f6d66000000-7f6d68000000 rw-p 00000000 00:00 0 
7f6d68000000-7f6d68021000 rw-p 00000000 00:00 0 
7f6d68021000-7f6d6c000000 ---p 00000000 00:00 0 
7f6d6c06e000-7f6d6c072000 ---p 00000000 00:00 0 
7f6d6c072000-7f6d6c16f000 rw-p 00000000 00:00 0 
7f6d6c16f000-7f6d6c173000 ---p 00000000 00:00 0 
7f6d6c173000-7f6d6c460000 rw-p 00000000 00:00 0 
7f6d6c460000-7f6d6e130000 ---p 00000000 00:00 0 
7f6d6e130000-7f6d6e328000 rw-p 00000000 00:00 0 
7f6d6e328000-7f6d6fff8000 ---p 00000000 00:00 0 
7f6d6fff8000-7f6d70000000 rw-p 00000000 00:00 0 
7f6d70000000-7f6d70021000 rw-p 00000000 00:00 0 
7f6d70021000-7f6d74000000 ---p 00000000 00:00 0 
7f6d74070000-7f6d74074000 ---p 00000000 00:00 0 
7f6d74074000-7f6d74171000 rw-p 00000000 00:00 0 
7f6d74171000-7f6d74175000 ---p 00000000 00:00 0 
7f6d74175000-7f6d74272000 rw-p 00000000 00:00 0 
7f6d74272000-7f6d74276000 ---p 00000000 00:00 0 
7f6d74276000-7f6d74373000 rw-p 00000000 00:00 0 
7f6d74373000-7f6d74377000 ---p 00000000 00:00 0 
7f6d74377000-7f6d74474000 rw-p 00000000 00:00 0 
7f6d74474000-7f6d74478000 ---p 00000000 00:00 0 
7f6d74478000-7f6d74575000 rw-p 00000000 00:00 0 
7f6d74575000-7f6d74579000 ---p 00000000 00:00 0 
7f6d74579000-7f6d74676000 rw-p 00000000 00:00 0 
7f6d74676000-7f6d7467a000 ---p 00000000 00:00 0 
7f6d7467a000-7f6d74777000 rw-p 00000000 00:00 0 
7f6d74777000-7f6d7477b000 ---p 00000000 00:00 0 
7f6d7477b000-7f6d74878000 rw-p 00000000 00:00 0 
7f6d74878000-7f6d74ae8000 rwxp 00000000 00:00 0 
7f6d74ae8000-7f6d74e08000 ---p 00000000 00:00 0 
7f6d74e08000-7f6d75238000 rwxp 00000000 00:00 0 
7f6d75238000-7f6d7c340000 ---p 00000000 00:00 0 
7f6d7c340000-7f6d7c5b0000 rwxp 00000000 00:00 0 
7f6d7c5b0000-7f6d83878000 ---p 00000000 00:00 0 
7f6d83878000-7f6d8c000000 r--s 00000000 08:04 795633                     /usr/lib/jvm/java-11-openjdk-amd64/lib/modules
7f6d8c000000-7f6d8ccb7000 rw-p 00000000 00:00 0 
7f6d8ccb7000-7f6d90000000 ---p 00000000 00:00 0 
7f6d9002a000-7f6d9002e000 ---p 00000000 00:00 0 
7f6d9002e000-7f6d9004c000 rw-p 00000000 00:00 0 
7f6d9004c000-7f6d9004d000 r--p 00000000 08:04 795605                     /usr/lib/jvm/java-11-openjdk-amd64/lib/libextnet.so
7f6d9004d000-7f6d9004e000 r-xp 00001000 08:04 795605                     /usr/lib/jvm/java-11-openjdk-amd64/lib/libextnet.so
7f6d9004e000-7f6d9004f000 r--p 00002000 08:04 795605                     /usr/lib/jvm/java-11-openjdk-amd64/lib/libextnet.so
7f6d9004f000-7f6d90050000 r--p 00002000 08:04 795605                     /usr/lib/jvm/java-11-openjdk-amd64/lib/libextnet.so
7f6d90050000-7f6d90051000 rw-p 00003000 08:04 795605                     /usr/lib/jvm/java-11-openjdk-amd64/lib/libextnet.so
7f6d90051000-7f6d90059000 r--p 00000000 08:04 795629                     /usr/lib/jvm/java-11-openjdk-amd64/lib/libsunec.so
7f6d90059000-7f6d90072000 r-xp 00008000 08:04 795629                     /usr/lib/jvm/java-11-openjdk-amd64/lib/libsunec.so
7f6d90072000-7f6d9007c000 r--p 00021000 08:04 795629                     /usr/lib/jvm/java-11-openjdk-amd64/lib/libsunec.so
7f6d9007c000-7f6d9007d000 ---p 0002b000 08:04 795629                     /usr/lib/jvm/java-11-openjdk-amd64/lib/libsunec.so
7f6d9007d000-7f6d90081000 r--p 0002b000 08:04 795629                     /usr/lib/jvm/java-11-openjdk-amd64/lib/libsunec.so
7f6d90081000-7f6d90083000 rw-p 0002f000 08:04 795629                     /usr/lib/jvm/java-11-openjdk-amd64/lib/libsunec.so
7f6d90083000-7f6d90087000 r--p 00000000 08:04 795623                     /usr/lib/jvm/java-11-openjdk-amd64/lib/libnet.so
7f6d90087000-7f6d90096000 r-xp 00004000 08:04 795623                     /usr/lib/jvm/java-11-openjdk-amd64/lib/libnet.so
7f6d90096000-7f6d9009a000 r--p 00013000 08:04 795623                     /usr/lib/jvm/java-11-openjdk-amd64/lib/libnet.so
7f6d9009a000-7f6d9009b000 r--p 00016000 08:04 795623                     /usr/lib/jvm/java-11-openjdk-amd64/lib/libnet.so
7f6d9009b000-7f6d9009c000 rw-p 00017000 08:04 795623                     /usr/lib/jvm/java-11-openjdk-amd64/lib/libnet.so
7f6d9009c000-7f6d900a3000 r--p 00000000 08:04 795624                     /usr/lib/jvm/java-11-openjdk-amd64/lib/libnio.so
7f6d900a3000-7f6d900ab000 r-xp 00007000 08:04 795624                     /usr/lib/jvm/java-11-openjdk-amd64/lib/libnio.so
7f6d900ab000-7f6d900ae000 r--p 0000f000 08:04 795624                     /usr/lib/jvm/java-11-openjdk-amd64/lib/libnio.so
7f6d900ae000-7f6d900af000 r--p 00011000 08:04 795624                     /usr/lib/jvm/java-11-openjdk-amd64/lib/libnio.so
7f6d900af000-7f6d900b0000 rw-p 00012000 08:04 795624                     /usr/lib/jvm/java-11-openjdk-amd64/lib/libnio.so
7f6d900b0000-7f6d900b2000 r--p 00000000 08:04 795604                     /usr/lib/jvm/java-11-openjdk-amd64/lib/libdt_socket.so
7f6d900b2000-7f6d900b5000 r-xp 00002000 08:04 795604                     /usr/lib/jvm/java-11-openjdk-amd64/lib/libdt_socket.so
7f6d900b5000-7f6d900b6000 r--p 00005000 08:04 795604                     /usr/lib/jvm/java-11-openjdk-amd64/lib/libdt_socket.so
7f6d900b6000-7f6d900b7000 ---p 00006000 08:04 795604                     /usr/lib/jvm/java-11-openjdk-amd64/lib/libdt_socket.so
7f6d900b7000-7f6d900b8000 r--p 00006000 08:04 795604                     /usr/lib/jvm/java-11-openjdk-amd64/lib/libdt_socket.so
7f6d900b8000-7f6d900b9000 rw-p 00007000 08:04 795604                     /usr/lib/jvm/java-11-openjdk-amd64/lib/libdt_socket.so
7f6d900b9000-7f6d900c0000 r--s 00000000 08:04 1337191                    /usr/lib/x86_64-linux-gnu/gconv/gconv-modules.cache
7f6d900c0000-7f6d900c1000 ---p 00000000 00:00 0 
7f6d900c1000-7f6d90a9e000 rw-p 00000000 00:00 0 
7f6d90a9e000-7f6d90a9f000 ---p 00000000 00:00 0 
7f6d90a9f000-7f6d90ba0000 rw-p 00000000 00:00 0 
7f6d90ba0000-7f6d90ba1000 ---p 00000000 00:00 0 
7f6d90ba1000-7f6d910a6000 rw-p 00000000 00:00 0 
7f6d910a6000-7f6d910a7000 ---p 00000000 00:00 0 
7f6d910a7000-7f6d911a8000 rw-p 00000000 00:00 0 
7f6d911a8000-7f6d911a9000 ---p 00000000 00:00 0 
7f6d911a9000-7f6d9132a000 rw-p 00000000 00:00 0 
7f6d9132a000-7f6d916c4000 ---p 00000000 00:00 0 
7f6d916c4000-7f6d91703000 rw-p 00000000 00:00 0 
7f6d91703000-7f6d91a9d000 ---p 00000000 00:00 0 
7f6d91a9d000-7f6d91adc000 rw-p 00000000 00:00 0 
7f6d91adc000-7f6d91e76000 ---p 00000000 00:00 0 
7f6d91e76000-7f6d9227b000 rw-p 00000000 00:00 0 
7f6d9227b000-7f6d9227c000 ---p 00000000 00:00 0 
7f6d9227c000-7f6d92382000 rw-p 00000000 00:00 0 
7f6d92382000-7f6d92468000 ---p 00000000 00:00 0 
7f6d92468000-7f6d92471000 rw-p 00000000 00:00 0 
7f6d92471000-7f6d92553000 ---p 00000000 00:00 0 
7f6d92553000-7f6d92558000 rw-p 00000000 00:00 0 
7f6d92558000-7f6d9255f000 ---p 00000000 00:00 0 
7f6d9255f000-7f6d92562000 r--p 00000000 08:04 657715                     /usr/lib/x86_64-linux-gnu/libnss_files-2.31.so
7f6d92562000-7f6d92569000 r-xp 00003000 08:04 657715                     /usr/lib/x86_64-linux-gnu/libnss_files-2.31.so
7f6d92569000-7f6d9256b000 r--p 0000a000 08:04 657715                     /usr/lib/x86_64-linux-gnu/libnss_files-2.31.so
7f6d9256b000-7f6d9256c000 r--p 0000b000 08:04 657715                     /usr/lib/x86_64-linux-gnu/libnss_files-2.31.so
7f6d9256c000-7f6d9256d000 rw-p 0000c000 08:04 657715                     /usr/lib/x86_64-linux-gnu/libnss_files-2.31.so
7f6d9256d000-7f6d92573000 rw-p 00000000 00:00 0 
7f6d92575000-7f6d92577000 r--p 00000000 08:04 795632                     /usr/lib/jvm/java-11-openjdk-amd64/lib/libzip.so
7f6d92577000-7f6d9257b000 r-xp 00002000 08:04 795632                     /usr/lib/jvm/java-11-openjdk-amd64/lib/libzip.so
7f6d9257b000-7f6d9257d000 r--p 00006000 08:04 795632                     /usr/lib/jvm/java-11-openjdk-amd64/lib/libzip.so
7f6d9257d000-7f6d9257e000 r--p 00007000 08:04 795632                     /usr/lib/jvm/java-11-openjdk-amd64/lib/libzip.so
7f6d9257e000-7f6d9257f000 rw-p 00008000 08:04 795632                     /usr/lib/jvm/java-11-openjdk-amd64/lib/libzip.so
7f6d9257f000-7f6d92587000 rw-s 00000000 08:04 135544                     /tmp/hsperfdata_sofia/9875
7f6d92587000-7f6d92589000 r--p 00000000 08:04 795607                     /usr/lib/jvm/java-11-openjdk-amd64/lib/libinstrument.so
7f6d92589000-7f6d9258f000 r-xp 00002000 08:04 795607                     /usr/lib/jvm/java-11-openjdk-amd64/lib/libinstrument.so
7f6d9258f000-7f6d92592000 r--p 00008000 08:04 795607                     /usr/lib/jvm/java-11-openjdk-amd64/lib/libinstrument.so
7f6d92592000-7f6d92593000 r--p 0000a000 08:04 795607                     /usr/lib/jvm/java-11-openjdk-amd64/lib/libinstrument.so
7f6d92593000-7f6d92594000 rw-p 0000b000 08:04 795607                     /usr/lib/jvm/java-11-openjdk-amd64/lib/libinstrument.so
7f6d92594000-7f6d92596000 r--p 00000000 08:04 795614                     /usr/lib/jvm/java-11-openjdk-amd64/lib/libjdwp.so
7f6d92596000-7f6d925c2000 r-xp 00002000 08:04 795614                     /usr/lib/jvm/java-11-openjdk-amd64/lib/libjdwp.so
7f6d925c2000-7f6d925d0000 r--p 0002e000 08:04 795614                     /usr/lib/jvm/java-11-openjdk-amd64/lib/libjdwp.so
7f6d925d0000-7f6d925d1000 r--p 0003b000 08:04 795614                     /usr/lib/jvm/java-11-openjdk-amd64/lib/libjdwp.so
7f6d925d1000-7f6d925d2000 rw-p 0003c000 08:04 795614                     /usr/lib/jvm/java-11-openjdk-amd64/lib/libjdwp.so
7f6d925d2000-7f6d925d4000 r--p 00000000 08:04 795615                     /usr/lib/jvm/java-11-openjdk-amd64/lib/libjimage.so
7f6d925d4000-7f6d925d7000 r-xp 00002000 08:04 795615                     /usr/lib/jvm/java-11-openjdk-amd64/lib/libjimage.so
7f6d925d7000-7f6d925d8000 r--p 00005000 08:04 795615                     /usr/lib/jvm/java-11-openjdk-amd64/lib/libjimage.so
7f6d925d8000-7f6d925d9000 ---p 00006000 08:04 795615                     /usr/lib/jvm/java-11-openjdk-amd64/lib/libjimage.so
7f6d925d9000-7f6d925da000 r--p 00006000 08:04 795615                     /usr/lib/jvm/java-11-openjdk-amd64/lib/libjimage.so
7f6d925da000-7f6d925db000 rw-p 00007000 08:04 795615                     /usr/lib/jvm/java-11-openjdk-amd64/lib/libjimage.so
7f6d925db000-7f6d925e9000 r--p 00000000 08:04 795612                     /usr/lib/jvm/java-11-openjdk-amd64/lib/libjava.so
7f6d925e9000-7f6d925ff000 r-xp 0000e000 08:04 795612                     /usr/lib/jvm/java-11-openjdk-amd64/lib/libjava.so
7f6d925ff000-7f6d92606000 r--p 00024000 08:04 795612                     /usr/lib/jvm/java-11-openjdk-amd64/lib/libjava.so
7f6d92606000-7f6d92607000 r--p 0002a000 08:04 795612                     /usr/lib/jvm/java-11-openjdk-amd64/lib/libjava.so
7f6d92607000-7f6d92608000 rw-p 0002b000 08:04 795612                     /usr/lib/jvm/java-11-openjdk-amd64/lib/libjava.so
7f6d92608000-7f6d92609000 rw-p 00000000 00:00 0 
7f6d92609000-7f6d9260c000 r--p 00000000 08:04 657722                     /usr/lib/x86_64-linux-gnu/librt-2.31.so
7f6d9260c000-7f6d92610000 r-xp 00003000 08:04 657722                     /usr/lib/x86_64-linux-gnu/librt-2.31.so
7f6d92610000-7f6d92611000 r--p 00007000 08:04 657722                     /usr/lib/x86_64-linux-gnu/librt-2.31.so
7f6d92611000-7f6d92612000 ---p 00008000 08:04 657722                     /usr/lib/x86_64-linux-gnu/librt-2.31.so
7f6d92612000-7f6d92613000 r--p 00008000 08:04 657722                     /usr/lib/x86_64-linux-gnu/librt-2.31.so
7f6d92613000-7f6d92614000 rw-p 00009000 08:04 657722                     /usr/lib/x86_64-linux-gnu/librt-2.31.so
7f6d92614000-7f6d92618000 ---p 00000000 00:00 0 
7f6d92618000-7f6d92715000 rw-p 00000000 00:00 0 
7f6d92715000-7f6d92718000 r--p 00000000 08:04 658623                     /usr/lib/x86_64-linux-gnu/libgcc_s.so.1
7f6d92718000-7f6d9272a000 r-xp 00003000 08:04 658623                     /usr/lib/x86_64-linux-gnu/libgcc_s.so.1
7f6d9272a000-7f6d9272e000 r--p 00015000 08:04 658623                     /usr/lib/x86_64-linux-gnu/libgcc_s.so.1
7f6d9272e000-7f6d9272f000 r--p 00018000 08:04 658623                     /usr/lib/x86_64-linux-gnu/libgcc_s.so.1
7f6d9272f000-7f6d92730000 rw-p 00019000 08:04 658623                     /usr/lib/x86_64-linux-gnu/libgcc_s.so.1
7f6d92730000-7f6d9273f000 r--p 00000000 08:04 657709                     /usr/lib/x86_64-linux-gnu/libm-2.31.so
7f6d9273f000-7f6d927e6000 r-xp 0000f000 08:04 657709                     /usr/lib/x86_64-linux-gnu/libm-2.31.so
7f6d927e6000-7f6d9287d000 r--p 000b6000 08:04 657709                     /usr/lib/x86_64-linux-gnu/libm-2.31.so
7f6d9287d000-7f6d9287e000 r--p 0014c000 08:04 657709                     /usr/lib/x86_64-linux-gnu/libm-2.31.so
7f6d9287e000-7f6d9287f000 rw-p 0014d000 08:04 657709                     /usr/lib/x86_64-linux-gnu/libm-2.31.so
7f6d9287f000-7f6d92915000 r--p 00000000 08:04 658428                     /usr/lib/x86_64-linux-gnu/libstdc++.so.6.0.28
7f6d92915000-7f6d92a06000 r-xp 00096000 08:04 658428                     /usr/lib/x86_64-linux-gnu/libstdc++.so.6.0.28
7f6d92a06000-7f6d92a4f000 r--p 00187000 08:04 658428                     /usr/lib/x86_64-linux-gnu/libstdc++.so.6.0.28
7f6d92a4f000-7f6d92a50000 ---p 001d0000 08:04 658428                     /usr/lib/x86_64-linux-gnu/libstdc++.so.6.0.28
7f6d92a50000-7f6d92a5b000 r--p 001d0000 08:04 658428                     /usr/lib/x86_64-linux-gnu/libstdc++.so.6.0.28
7f6d92a5b000-7f6d92a5e000 rw-p 001db000 08:04 658428                     /usr/lib/x86_64-linux-gnu/libstdc++.so.6.0.28
7f6d92a5e000-7f6d92a61000 rw-p 00000000 00:00 0 
7f6d92a61000-7f6d92cdb000 r--p 00000000 08:04 795636                     /usr/lib/jvm/java-11-openjdk-amd64/lib/server/libjvm.so
7f6d92cdb000-7f6d93960000 r-xp 0027a000 08:04 795636                     /usr/lib/jvm/java-11-openjdk-amd64/lib/server/libjvm.so
7f6d93960000-7f6d93bb7000 r--p 00eff000 08:04 795636                     /usr/lib/jvm/java-11-openjdk-amd64/lib/server/libjvm.so
7f6d93bb7000-7f6d93c78000 r--p 01155000 08:04 795636                     /usr/lib/jvm/java-11-openjdk-amd64/lib/server/libjvm.so
7f6d93c78000-7f6d93cb3000 rw-p 01216000 08:04 795636                     /usr/lib/jvm/java-11-openjdk-amd64/lib/server/libjvm.so
7f6d93cb3000-7f6d93d0c000 rw-p 00000000 00:00 0 
7f6d93d0c000-7f6d93d13000 r--p 00000000 08:04 657720                     /usr/lib/x86_64-linux-gnu/libpthread-2.31.so
7f6d93d13000-7f6d93d24000 r-xp 00007000 08:04 657720                     /usr/lib/x86_64-linux-gnu/libpthread-2.31.so
7f6d93d24000-7f6d93d29000 r--p 00018000 08:04 657720                     /usr/lib/x86_64-linux-gnu/libpthread-2.31.so
7f6d93d29000-7f6d93d2a000 r--p 0001c000 08:04 657720                     /usr/lib/x86_64-linux-gnu/libpthread-2.31.so
7f6d93d2a000-7f6d93d2b000 rw-p 0001d000 08:04 657720                     /usr/lib/x86_64-linux-gnu/libpthread-2.31.so
7f6d93d2b000-7f6d93d2f000 rw-p 00000000 00:00 0 
7f6d93d2f000-7f6d93d30000 r--p 00000000 08:04 657708                     /usr/lib/x86_64-linux-gnu/libdl-2.31.so
7f6d93d30000-7f6d93d32000 r-xp 00001000 08:04 657708                     /usr/lib/x86_64-linux-gnu/libdl-2.31.so
7f6d93d32000-7f6d93d33000 r--p 00003000 08:04 657708                     /usr/lib/x86_64-linux-gnu/libdl-2.31.so
7f6d93d33000-7f6d93d34000 r--p 00003000 08:04 657708                     /usr/lib/x86_64-linux-gnu/libdl-2.31.so
7f6d93d34000-7f6d93d35000 rw-p 00004000 08:04 657708                     /usr/lib/x86_64-linux-gnu/libdl-2.31.so
7f6d93d35000-7f6d93d37000 r--p 00000000 08:04 665248                     /usr/lib/x86_64-linux-gnu/libz.so.1.2.11
7f6d93d37000-7f6d93d48000 r-xp 00002000 08:04 665248                     /usr/lib/x86_64-linux-gnu/libz.so.1.2.11
7f6d93d48000-7f6d93d4e000 r--p 00013000 08:04 665248                     /usr/lib/x86_64-linux-gnu/libz.so.1.2.11
7f6d93d4e000-7f6d93d4f000 ---p 00019000 08:04 665248                     /usr/lib/x86_64-linux-gnu/libz.so.1.2.11
7f6d93d4f000-7f6d93d50000 r--p 00019000 08:04 665248                     /usr/lib/x86_64-linux-gnu/libz.so.1.2.11
7f6d93d50000-7f6d93d51000 rw-p 0001a000 08:04 665248                     /usr/lib/x86_64-linux-gnu/libz.so.1.2.11
7f6d93d51000-7f6d93d76000 r--p 00000000 08:04 657707                     /usr/lib/x86_64-linux-gnu/libc-2.31.so
7f6d93d76000-7f6d93eee000 r-xp 00025000 08:04 657707                     /usr/lib/x86_64-linux-gnu/libc-2.31.so
7f6d93eee000-7f6d93f38000 r--p 0019d000 08:04 657707                     /usr/lib/x86_64-linux-gnu/libc-2.31.so
7f6d93f38000-7f6d93f39000 ---p 001e7000 08:04 657707                     /usr/lib/x86_64-linux-gnu/libc-2.31.so
7f6d93f39000-7f6d93f3c000 r--p 001e7000 08:04 657707                     /usr/lib/x86_64-linux-gnu/libc-2.31.so
7f6d93f3c000-7f6d93f3f000 rw-p 001ea000 08:04 657707                     /usr/lib/x86_64-linux-gnu/libc-2.31.so
7f6d93f3f000-7f6d93f43000 rw-p 00000000 00:00 0 
7f6d93f43000-7f6d93f44000 ---p 00000000 00:00 0 
7f6d93f44000-7f6d93f45000 r--p 00000000 00:00 0 
7f6d93f45000-7f6d93f4a000 r--p 00000000 08:04 795631                     /usr/lib/jvm/java-11-openjdk-amd64/lib/libverify.so
7f6d93f4a000-7f6d93f51000 r-xp 00005000 08:04 795631                     /usr/lib/jvm/java-11-openjdk-amd64/lib/libverify.so
7f6d93f51000-7f6d93f53000 r--p 0000c000 08:04 795631                     /usr/lib/jvm/java-11-openjdk-amd64/lib/libverify.so
7f6d93f53000-7f6d93f54000 ---p 0000e000 08:04 795631                     /usr/lib/jvm/java-11-openjdk-amd64/lib/libverify.so
7f6d93f54000-7f6d93f56000 r--p 0000e000 08:04 795631                     /usr/lib/jvm/java-11-openjdk-amd64/lib/libverify.so
7f6d93f56000-7f6d93f57000 rw-p 00010000 08:04 795631                     /usr/lib/jvm/java-11-openjdk-amd64/lib/libverify.so
7f6d93f57000-7f6d93f5a000 r--p 00000000 08:04 795597                     /usr/lib/jvm/java-11-openjdk-amd64/lib/jli/libjli.so
7f6d93f5a000-7f6d93f64000 r-xp 00003000 08:04 795597                     /usr/lib/jvm/java-11-openjdk-amd64/lib/jli/libjli.so
7f6d93f64000-7f6d93f67000 r--p 0000d000 08:04 795597                     /usr/lib/jvm/java-11-openjdk-amd64/lib/jli/libjli.so
7f6d93f67000-7f6d93f68000 ---p 00010000 08:04 795597                     /usr/lib/jvm/java-11-openjdk-amd64/lib/jli/libjli.so
7f6d93f68000-7f6d93f69000 r--p 00010000 08:04 795597                     /usr/lib/jvm/java-11-openjdk-amd64/lib/jli/libjli.so
7f6d93f69000-7f6d93f6a000 rw-p 00011000 08:04 795597                     /usr/lib/jvm/java-11-openjdk-amd64/lib/jli/libjli.so
7f6d93f6a000-7f6d93f6c000 rw-p 00000000 00:00 0 
7f6d93f6c000-7f6d93f6d000 r--p 00000000 08:04 657703                     /usr/lib/x86_64-linux-gnu/ld-2.31.so
7f6d93f6d000-7f6d93f90000 r-xp 00001000 08:04 657703                     /usr/lib/x86_64-linux-gnu/ld-2.31.so
7f6d93f90000-7f6d93f98000 r--p 00024000 08:04 657703                     /usr/lib/x86_64-linux-gnu/ld-2.31.so
7f6d93f98000-7f6d93f99000 r--s 00000000 08:04 1745613                    /tmp/mockitoboot16166267557132268508.jar
7f6d93f99000-7f6d93f9a000 r--p 0002c000 08:04 657703                     /usr/lib/x86_64-linux-gnu/ld-2.31.so
7f6d93f9a000-7f6d93f9b000 rw-p 0002d000 08:04 657703                     /usr/lib/x86_64-linux-gnu/ld-2.31.so
7f6d93f9b000-7f6d93f9c000 rw-p 00000000 00:00 0 
7ffeae096000-7ffeae0b7000 rw-p 00000000 00:00 0                          [stack]
7ffeae1e8000-7ffeae1eb000 r--p 00000000 00:00 0                          [vvar]
7ffeae1eb000-7ffeae1ec000 r-xp 00000000 00:00 0                          [vdso]
ffffffffff600000-ffffffffff601000 --xp 00000000 00:00 0                  [vsyscall]


VM Arguments:
jvm_args: -agentlib:jdwp=transport=dt_socket,suspend=y,address=localhost:42853 -ea -javaagent:/home/sofia/eclipse/java-2021-03/eclipse/configuration/org.eclipse.osgi/216/0/.cp/lib/javaagent-shaded.jar -Dfile.encoding=UTF-8 
java_command: org.eclipse.jdt.internal.junit.runner.RemoteTestRunner -version 3 -port 41539 -testLoaderClass org.eclipse.jdt.internal.junit5.runner.JUnit5TestLoader -loaderpluginname org.eclipse.jdt.junit5.runtime -test entidades.UsuarioTestCase:testUsuarioRealizaCancelacionGratuitaDeReservaYElSitioLeCobraMontoDeDinero
java_class_path (initial): /home/sofia/git/unqui-po2-tpfinal/bin:/home/sofia/.p2/pool/plugins/org.junit.jupiter.api_5.7.1.v20210222-1948.jar:/home/sofia/.p2/pool/plugins/org.junit.jupiter.engine_5.7.1.v20210222-1948.jar:/home/sofia/.p2/pool/plugins/org.junit.jupiter.migrationsupport_5.7.1.v20210222-1948.jar:/home/sofia/.p2/pool/plugins/org.junit.jupiter.params_5.7.1.v20210222-1948.jar:/home/sofia/.p2/pool/plugins/org.junit.platform.commons_1.7.1.v20210222-1948.jar:/home/sofia/.p2/pool/plugins/org.junit.platform.engine_1.7.1.v20210222-1948.jar:/home/sofia/.p2/pool/plugins/org.junit.platform.launcher_1.7.1.v20210222-1948.jar:/home/sofia/.p2/pool/plugins/org.junit.platform.runner_1.7.1.v20210222-1948.jar:/home/sofia/.p2/pool/plugins/org.junit.platform.suite.api_1.7.1.v20210222-1948.jar:/home/sofia/.p2/pool/plugins/org.junit.vintage.engine_5.7.1.v20210222-1948.jar:/home/sofia/.p2/pool/plugins/org.opentest4j_1.2.0.v20190826-0900.jar:/home/sofia/.p2/pool/plugins/org.apiguardian_1.1.0.v20190826-0900.jar:/home/sofia/.p2/pool/plugins/org.junit_4.13.0.v20200204-1500.jar:/home/sofia/.p2/pool/plugins/org.hamcrest.core_1.3.0.v20180420-1519.jar:/home/sofia/git/unqui-po2-tpfinal/jar/byte-buddy-1.10.18.jar:/home/sofia/git/unqui-po2-tpfinal/jar/byte-buddy-agent-1.10.15.jar:/home/sofia/git/unqui-po2-tpfinal/jar/mockito-core-3.6.0.jar:/home/sofia/git/unqui-po2-tpfinal/jar/mockito-inline-3.6.0.jar:/home/sofia/git/unqui-po2-tpfinal/jar/objenesis-3.1.jar:/home/sofia/eclipse/java-2021-03/eclipse/configuration/org.eclipse.osgi/215/0/.cp:/home/sofia/eclipse/java-2021-03/eclipse/configuration/org.eclipse.osgi/213/0/.cp
Launcher Type: SUN_STANDARD

[Global flags]
     intx CICompilerCount                          = 3                                         {product} {ergonomic}
     uint ConcGCThreads                            = 1                                         {product} {ergonomic}
     uint G1ConcRefinementThreads                  = 4                                         {product} {ergonomic}
   size_t G1HeapRegionSize                         = 1048576                                   {product} {ergonomic}
    uintx GCDrainStackTargetSize                   = 64                                        {product} {ergonomic}
   size_t InitialHeapSize                          = 130023424                                 {product} {ergonomic}
   size_t MarkStackSize                            = 4194304                                   {product} {ergonomic}
   size_t MaxHeapSize                              = 2065694720                                {product} {ergonomic}
   size_t MaxNewSize                               = 1239416832                                {product} {ergonomic}
   size_t MinHeapDeltaBytes                        = 1048576                                   {product} {ergonomic}
    uintx NonNMethodCodeHeapSize                   = 5830732                                {pd product} {ergonomic}
    uintx NonProfiledCodeHeapSize                  = 122913754                              {pd product} {ergonomic}
    uintx ProfiledCodeHeapSize                     = 122913754                              {pd product} {ergonomic}
    uintx ReservedCodeCacheSize                    = 251658240                              {pd product} {ergonomic}
     bool SegmentedCodeCache                       = true                                      {product} {ergonomic}
     bool UseCompressedClassPointers               = true                                 {lp64_product} {ergonomic}
     bool UseCompressedOops                        = true                                 {lp64_product} {ergonomic}
     bool UseG1GC                                  = true                                      {product} {ergonomic}

Logging:
Log output configuration:
 #0: stdout all=warning uptime,level,tags
 #1: stderr all=off uptime,level,tags

Environment Variables:
PATH=/usr/local/sbin:/usr/local/bin:/usr/sbin:/usr/bin:/sbin:/bin:/usr/games:/usr/local/games:/snap/bin
SHELL=/bin/bash
DISPLAY=:0
LANG=es_AR.UTF-8

Signal Handlers:
SIGSEGV: [libjvm.so+0xe8ba00], sa_mask[0]=11111111011111111101111111111110, sa_flags=SA_RESTART|SA_SIGINFO
SIGBUS: [libjvm.so+0xe8ba00], sa_mask[0]=11111111011111111101111111111110, sa_flags=SA_RESTART|SA_SIGINFO
SIGFPE: [libjvm.so+0xe8ba00], sa_mask[0]=11111111011111111101111111111110, sa_flags=SA_RESTART|SA_SIGINFO
SIGPIPE: [libjvm.so+0xbd10f0], sa_mask[0]=11111111011111111101111111111110, sa_flags=SA_RESTART|SA_SIGINFO
SIGXFSZ: [libjvm.so+0xbd10f0], sa_mask[0]=11111111011111111101111111111110, sa_flags=SA_RESTART|SA_SIGINFO
SIGILL: [libjvm.so+0xe8ba00], sa_mask[0]=11111111011111111101111111111110, sa_flags=SA_RESTART|SA_SIGINFO
SIGUSR2: [libjvm.so+0xbd0f90], sa_mask[0]=00100000000000000000000000000000, sa_flags=SA_RESTART|SA_SIGINFO
SIGHUP: [libjvm.so+0xbd1430], sa_mask[0]=11111111011111111101111111111110, sa_flags=SA_RESTART|SA_SIGINFO
SIGINT: [libjvm.so+0xbd1430], sa_mask[0]=11111111011111111101111111111110, sa_flags=SA_RESTART|SA_SIGINFO
SIGTERM: [libjvm.so+0xbd1430], sa_mask[0]=11111111011111111101111111111110, sa_flags=SA_RESTART|SA_SIGINFO
SIGQUIT: [libjvm.so+0xbd1430], sa_mask[0]=11111111011111111101111111111110, sa_flags=SA_RESTART|SA_SIGINFO


---------------  S Y S T E M  ---------------

OS:DISTRIB_ID=LinuxMint
DISTRIB_RELEASE=20.1
DISTRIB_CODENAME=ulyssa
DISTRIB_DESCRIPTION="Linux Mint 20.1 Ulyssa"
uname:Linux 5.4.0-77-generic #86-Ubuntu SMP Thu Jun 17 02:35:03 UTC 2021 x86_64
OS uptime: 0 days 5:55 hours
libc:glibc 2.31 NPTL 2.31 
rlimit (soft/hard): STACK 8192k/infinity , CORE 0k/infinity , NPROC 31130/31130 , NOFILE 1048576/1048576 , AS infinity/infinity , CPU infinity/infinity , DATA infinity/infinity , FSIZE infinity/infinity , MEMLOCK 65536k/65536k
load average:1,76 1,38 0,95

/proc/meminfo:
MemTotal:        8063296 kB
MemFree:          630032 kB
MemAvailable:    2439016 kB
Buffers:          231616 kB
Cached:          2808084 kB
SwapCached:         4124 kB
Active:          5111036 kB
Inactive:        1336864 kB
Active(anon):    3838240 kB
Inactive(anon):   637272 kB
Active(file):    1272796 kB
Inactive(file):   699592 kB
Unevictable:      623288 kB
Mlocked:             288 kB
SwapTotal:       2097148 kB
SwapFree:        2084332 kB
Dirty:               488 kB
Writeback:             0 kB
AnonPages:       4027748 kB
Mapped:          1603148 kB
Shmem:           1070572 kB
KReclaimable:     117032 kB
Slab:             233200 kB
SReclaimable:     117032 kB
SUnreclaim:       116168 kB
KernelStack:       18112 kB
PageTables:        56596 kB
NFS_Unstable:          0 kB
Bounce:                0 kB
WritebackTmp:          0 kB
CommitLimit:     6128796 kB
Committed_AS:   17210524 kB
VmallocTotal:   34359738367 kB
VmallocUsed:       32148 kB
VmallocChunk:          0 kB
Percpu:             5120 kB
HardwareCorrupted:     0 kB
AnonHugePages:         0 kB
ShmemHugePages:        0 kB
ShmemPmdMapped:        0 kB
FileHugePages:         0 kB
FilePmdMapped:         0 kB
CmaTotal:              0 kB
CmaFree:               0 kB
HugePages_Total:       0
HugePages_Free:        0
HugePages_Rsvd:        0
HugePages_Surp:        0
Hugepagesize:       2048 kB
Hugetlb:               0 kB
DirectMap4k:      294848 kB
DirectMap2M:     8005632 kB

/sys/kernel/mm/transparent_hugepage/enabled:
always [madvise] never
/sys/kernel/mm/transparent_hugepage/defrag (defrag/compaction efforts parameter):
always defer defer+madvise [madvise] never

Process Memory:
Virtual Size: 5365296K (peak: 13448204K)
Resident Set Size: 217420K (peak: 249072K) (anon: 185924K, file: 31496K, shmem: 0K)
Swapped out: 0K
C-Heap outstanding allocations: 9989K

/proc/sys/kernel/threads-max (system-wide limit on the number of threads):
62260
/proc/sys/vm/max_map_count (maximum number of memory map areas a process may have):
65530
/proc/sys/kernel/pid_max (system-wide limit on number of process identifiers):
4194304

container (cgroup) information:
container_type: cgroupv1
cpu_cpuset_cpus: 0-3
cpu_memory_nodes: 0
active_processor_count: 4
cpu_quota: -1
cpu_period: 100000
cpu_shares: -1
memory_limit_in_bytes: -1
memory_and_swap_limit_in_bytes: -2
memory_soft_limit_in_bytes: -1
memory_usage_in_bytes: 5813665792
memory_max_usage_in_bytes: 5933068288

Steal ticks since vm start: 0
Steal ticks percentage since vm start:  0,000

CPU:total 4 (initial active 4) (2 cores per cpu, 2 threads per core) family 6 model 42 stepping 7 microcode 0x2f, cmov, cx8, fxsr, mmx, sse, sse2, sse3, ssse3, sse4.1, sse4.2, popcnt, avx, aes, clmul, ht, tsc, tscinvbit
CPU Model and flags from /proc/cpuinfo:
model name	: Intel(R) Core(TM) i7-2620M CPU @ 2.70GHz
flags		: fpu vme de pse tsc msr pae mce cx8 apic sep mtrr pge mca cmov pat pse36 clflush dts acpi mmx fxsr sse sse2 ht tm pbe syscall nx rdtscp lm constant_tsc arch_perfmon pebs bts nopl xtopology nonstop_tsc cpuid aperfmperf pni pclmulqdq dtes64 monitor ds_cpl vmx smx est tm2 ssse3 cx16 xtpr pdcm pcid sse4_1 sse4_2 x2apic popcnt tsc_deadline_timer aes xsave avx lahf_lm epb pti ssbd ibrs ibpb stibp tpr_shadow vnmi flexpriority ept vpid xsaveopt dtherm ida arat pln pts md_clear flush_l1d
Online cpus:
0-3
Offline cpus:
4-7
BIOS frequency limitation:
<Not Available>
Frequency switch latency (ns):
0
Available cpu frequencies:
<Not Available>
Current governor:
powersave
Core performance/turbo boost:
<Not Available>

Memory: 4k page, physical 8063296k(630032k free), swap 2097148k(2084332k free)

vm_info: OpenJDK 64-Bit Server VM (11.0.11+9-Ubuntu-0ubuntu2.20.04) for linux-amd64 JRE (11.0.11+9-Ubuntu-0ubuntu2.20.04), built on Apr 21 2021 09:15:32 by "unknown" with gcc 9.3.0

END.
